#
# A fatal error has been detected by the Java Runtime Environment:
#
#  EXCEPTION_ACCESS_VIOLATION (0xc0000005) at pc=0x5906de7a, pid=7596, tid=4932
#
# JRE version: Java(TM) SE Runtime Environment (7.0_67-b01) (build 1.7.0_67-b01)
# Java VM: Java HotSpot(TM) Client VM (24.65-b04 mixed mode windows-x86 )
# Problematic frame:
# C  [OpenAL32.dll+0xde7a]
#
# Failed to write core dump. Minidumps are not enabled by default on client versions of Windows
#
# If you would like to submit a bug report, please visit:
#   http://bugreport.sun.com/bugreport/crash.jsp
# The crash happened outside the Java Virtual Machine in native code.
# See problematic frame for where to report the bug.
#

---------------  T H R E A D  ---------------

Current thread (0x51fc7c00):  JavaThread "Thread-12" [_thread_in_native, id=4932, stack(0x58fc0000,0x59010000)]

siginfo: ExceptionCode=0xc0000005, reading address 0x5238b004

Registers:
EAX=0x5238b004, EBX=0x00000001, ECX=0x59120050, EDX=0x0000006e
ESP=0x5900f6d8, EBP=0x5900f708, ESI=0x59120050, EDI=0x5238affc
EIP=0x5906de7a, EFLAGS=0x00210202

Top of Stack: (sp=0x5900f6d8)
0x5900f6d8:   00000001 59120050 52257648 52257a34
0x5900f6e8:   000000ff 00b0cc2b 0086c760 5906e54a
0x5900f6f8:   00000004 0000ac44 00000002 454ce678
0x5900f708:   5900f71c 5906ef0d 51fc7c00 454ce678
0x5900f718:   454ce678 5900f770 4b8d5aa0 59120050
0x5900f728:   5238affc 00adaabd 51fc7d30 5900f778
0x5900f738:   59120050 00000000 5238affc 00000000
0x5900f748:   5225849c 5225849c 5900f750 454ce678 

Instructions: (pc=0x5906de7a)
0x5906de5a:   02 8b d9 2b cb 89 4d e0 81 fa 03 00 02 00 75 06
0x5906de6a:   8b 40 04 89 45 f0 83 45 f8 02 8b 45 f8 8d 04 87
0x5906de7a:   83 38 00 75 b3 8d 45 f4 50 68 7c e8 09 59 6a 00
0x5906de8a:   e8 6a 4e 00 00 b8 40 1f 00 00 83 c4 0c 39 45 f4 


Register to memory mapping:

EAX=0x5238b004 is an unknown value
EBX=0x00000001 is an unknown value
ECX=0x59120050 is an unknown value
EDX=0x0000006e is an unknown value
ESP=0x5900f6d8 is pointing into the stack for thread: 0x51fc7c00
EBP=0x5900f708 is pointing into the stack for thread: 0x51fc7c00
ESI=0x59120050 is an unknown value
EDI=0x5238affc is an unknown value


Stack: [0x58fc0000,0x59010000],  sp=0x5900f6d8,  free space=317k
Native frames: (J=compiled Java code, j=interpreted, Vv=VM code, C=native code)
C  [OpenAL32.dll+0xde7a]
C  [OpenAL32.dll+0xef0d]
C  [lwjgl.dll+0x5aa0]
j  org.lwjgl.openal.ALC10.alcCreateContext(Lorg/lwjgl/openal/ALCdevice;Ljava/nio/IntBuffer;)Lorg/lwjgl/openal/ALCcontext;+8
j  org.lwjgl.openal.AL.init(Ljava/lang/String;IIZZ)V+69
j  org.lwjgl.openal.AL.create(Ljava/lang/String;IIZZ)V+227
j  org.lwjgl.openal.AL.create(Ljava/lang/String;IIZ)V+5
j  org.lwjgl.openal.AL.create()V+6
j  paulscode.sound.libraries.LibraryLWJGLOpenAL.init()V+2
j  paulscode.sound.SoundSystem.CommandNewLibrary(Ljava/lang/Class;)V+273
j  paulscode.sound.SoundSystem.CommandQueue(Lpaulscode/sound/CommandObject;)Z+1206
j  paulscode.sound.CommandThread.run()V+51
v  ~StubRoutines::call_stub
V  [jvm.dll+0x1410fa]
V  [jvm.dll+0x20567e]
V  [jvm.dll+0x1412c5]
V  [jvm.dll+0x141327]
V  [jvm.dll+0xec6ef]
V  [jvm.dll+0x16252c]
V  [jvm.dll+0x162f87]
V  [jvm.dll+0x1a7489]
C  [msvcr100.dll+0x5c556]
C  [msvcr100.dll+0x5c600]
C  [kernel32.dll+0xb729]

Java frames: (J=compiled Java code, j=interpreted, Vv=VM code)
j  org.lwjgl.openal.ALC10.nalcCreateContext(JJ)J+0
j  org.lwjgl.openal.ALC10.alcCreateContext(Lorg/lwjgl/openal/ALCdevice;Ljava/nio/IntBuffer;)Lorg/lwjgl/openal/ALCcontext;+8
j  org.lwjgl.openal.AL.init(Ljava/lang/String;IIZZ)V+69
j  org.lwjgl.openal.AL.create(Ljava/lang/String;IIZZ)V+227
j  org.lwjgl.openal.AL.create(Ljava/lang/String;IIZ)V+5
j  org.lwjgl.openal.AL.create()V+6
j  paulscode.sound.libraries.LibraryLWJGLOpenAL.init()V+2
j  paulscode.sound.SoundSystem.CommandNewLibrary(Ljava/lang/Class;)V+273
j  paulscode.sound.SoundSystem.CommandQueue(Lpaulscode/sound/CommandObject;)Z+1206
j  paulscode.sound.CommandThread.run()V+51
v  ~StubRoutines::call_stub

---------------  P R O C E S S  ---------------

Java Threads: ( => current thread )
  0x5238f800 JavaThread "Thread-13" [_thread_blocked, id=6132, stack(0x59010000,0x59060000)]
=>0x51fc7c00 JavaThread "Thread-12" [_thread_in_native, id=4932, stack(0x58fc0000,0x59010000)]
  0x52254800 JavaThread "Sound Library Loader" [_thread_blocked, id=4960, stack(0x58f70000,0x58fc0000)]
  0x52467400 JavaThread "Keep-Alive-Timer" daemon [_thread_blocked, id=6364, stack(0x58f20000,0x58f70000)]
  0x52332800 JavaThread "Thread-11" [_thread_in_native, id=1876, stack(0x58ed0000,0x58f20000)]
  0x524b4400 JavaThread "Thread-9" [_thread_in_native, id=4268, stack(0x58e80000,0x58ed0000)]
  0x4a1e6800 JavaThread "LWJGL Timer" daemon [_thread_blocked, id=2448, stack(0x51e30000,0x51e80000)]
  0x4a16ec00 JavaThread "Thread-7" [_thread_blocked, id=4260, stack(0x51de0000,0x51e30000)]
  0x49fa7c00 JavaThread "Timer hack thread" daemon [_thread_blocked, id=5212, stack(0x4be70000,0x4bec0000)]
  0x49f7e400 JavaThread "Snooper Timer" daemon [_thread_blocked, id=6868, stack(0x4be20000,0x4be70000)]
  0x49d74400 JavaThread "AWT-Windows" daemon [_thread_in_native, id=7744, stack(0x4b5e0000,0x4b630000)]
  0x49d9a400 JavaThread "Java2D Disposer" daemon [_thread_blocked, id=4740, stack(0x4b540000,0x4b590000)]
  0x493ab400 JavaThread "Service Thread" daemon [_thread_blocked, id=4456, stack(0x49720000,0x49770000)]
  0x493a0800 JavaThread "C1 CompilerThread0" daemon [_thread_blocked, id=1736, stack(0x496d0000,0x49720000)]
  0x4939ec00 JavaThread "Attach Listener" daemon [_thread_blocked, id=7424, stack(0x49680000,0x496d0000)]
  0x00acf400 JavaThread "Signal Dispatcher" daemon [_thread_blocked, id=6636, stack(0x49630000,0x49680000)]
  0x00ace000 JavaThread "Surrogate Locker Thread (Concurrent GC)" daemon [_thread_blocked, id=7728, stack(0x495e0000,0x49630000)]
  0x00ab5000 JavaThread "Finalizer" daemon [_thread_blocked, id=3264, stack(0x49590000,0x495e0000)]
  0x00ab0000 JavaThread "Reference Handler" daemon [_thread_blocked, id=7688, stack(0x49540000,0x49590000)]
  0x0086e000 JavaThread "Client thread" [_thread_in_native, id=7996, stack(0x00950000,0x009a0000)]

Other Threads:
  0x00aad400 VMThread [stack: 0x494f0000,0x49540000] [id=7072]
  0x493c2400 WatcherThread [stack: 0x49770000,0x497c0000] [id=5872]

VM state:not at safepoint (normal execution)

VM Mutex/Monitor currently owned by a thread: None

Heap
 par new generation   total 118016K, used 109140K [0x02c00000, 0x0ac00000, 0x0ac00000)
  eden space 104960K,  91% used [0x02c00000, 0x089d52a8, 0x09280000)
  from space 13056K, 100% used [0x09f40000, 0x0ac00000, 0x0ac00000)
  to   space 13056K,   0% used [0x09280000, 0x09280000, 0x09f40000)
 concurrent mark-sweep generation total 275128K, used 177875K [0x0ac00000, 0x1b8ae000, 0x42c00000)
 concurrent-mark-sweep perm gen total 61756K, used 41567K [0x42c00000, 0x4684f000, 0x46c00000)

Card table byte_map: [0x46c00000,0x46e30000] byte_map_base: 0x46bea000

Polling page: 0x009a0000

Code Cache  [0x00ad0000, 0x010d8000, 0x02ad0000)
 total_blobs=3388 nmethods=2927 adapters=397 free_code_cache=26599Kb largest_free_block=27233728

Compilation events (10 events):
Event: 82.626 Thread 0x493a0800 2982             java.lang.ClassLoader::getBootstrapResource (23 bytes)
Event: 82.626 Thread 0x493a0800 nmethod 2982 0x010c2688 code [0x010c27a0, 0x010c2868]
Event: 82.628 Thread 0x493a0800 2983             java.lang.Class::resolveName (99 bytes)
Event: 82.628 Thread 0x493a0800 nmethod 2983 0x010c2908 code [0x010c2ab0, 0x010c2e60]
Event: 82.726 Thread 0x493a0800 2984             com.google.gson.JsonObject::get (12 bytes)
Event: 82.727 Thread 0x493a0800 nmethod 2984 0x010c3288 code [0x010c3390, 0x010c34bc]
Event: 82.727 Thread 0x493a0800 2985             com.google.gson.stream.JsonReader::push (58 bytes)
Event: 82.727 Thread 0x493a0800 nmethod 2985 0x010c35c8 code [0x010c36d0, 0x010c38bc]
Event: 82.727 Thread 0x493a0800 2986             net.minecraft.util.JsonUtils::func_151206_a (51 bytes)
Event: 82.728 Thread 0x493a0800 nmethod 2986 0x010c39c8 code [0x010c3b50, 0x010c3d9c]

GC Heap History (10 events):
Event: 77.993 GC heap before
{Heap before GC invocations=62 (full 18):
 par new generation   total 118016K, used 113729K [0x02c00000, 0x0ac00000, 0x0ac00000)
  eden space 104960K, 100% used [0x02c00000, 0x09280000, 0x09280000)
  from space 13056K,  67% used [0x09280000, 0x09b107d8, 0x09f40000)
  to   space 13056K,   0% used [0x09f40000, 0x09f40000, 0x0ac00000)
 concurrent mark-sweep generation total 275128K, used 169185K [0x0ac00000, 0x1b8ae000, 0x42c00000)
 concurrent-mark-sweep perm gen total 61756K, used 38851K [0x42c00000, 0x4684f000, 0x46c00000)
Event: 78.018 GC heap after
Heap after GC invocations=63 (full 18):
 par new generation   total 118016K, used 10061K [0x02c00000, 0x0ac00000, 0x0ac00000)
  eden space 104960K,   0% used [0x02c00000, 0x02c00000, 0x09280000)
  from space 13056K,  77% used [0x09f40000, 0x0a913520, 0x0ac00000)
  to   space 13056K,   0% used [0x09280000, 0x09280000, 0x09f40000)
 concurrent mark-sweep generation total 275128K, used 171600K [0x0ac00000, 0x1b8ae000, 0x42c00000)
 concurrent-mark-sweep perm gen total 61756K, used 38851K [0x42c00000, 0x4684f000, 0x46c00000)
}
Event: 78.686 GC heap before
{Heap before GC invocations=63 (full 18):
 par new generation   total 118016K, used 115021K [0x02c00000, 0x0ac00000, 0x0ac00000)
  eden space 104960K, 100% used [0x02c00000, 0x09280000, 0x09280000)
  from space 13056K,  77% used [0x09f40000, 0x0a913520, 0x0ac00000)
  to   space 13056K,   0% used [0x09280000, 0x09280000, 0x09f40000)
 concurrent mark-sweep generation total 275128K, used 171600K [0x0ac00000, 0x1b8ae000, 0x42c00000)
 concurrent-mark-sweep perm gen total 61756K, used 39421K [0x42c00000, 0x4684f000, 0x46c00000)
Event: 78.707 GC heap after
Heap after GC invocations=64 (full 18):
 par new generation   total 118016K, used 9778K [0x02c00000, 0x0ac00000, 0x0ac00000)
  eden space 104960K,   0% used [0x02c00000, 0x02c00000, 0x09280000)
  from space 13056K,  74% used [0x09280000, 0x09c0c9f8, 0x09f40000)
  to   space 13056K,   0% used [0x09f40000, 0x09f40000, 0x0ac00000)
 concurrent mark-sweep generation total 275128K, used 171600K [0x0ac00000, 0x1b8ae000, 0x42c00000)
 concurrent-mark-sweep perm gen total 61756K, used 39421K [0x42c00000, 0x4684f000, 0x46c00000)
}
Event: 79.246 GC heap before
{Heap before GC invocations=64 (full 18):
 par new generation   total 118016K, used 114738K [0x02c00000, 0x0ac00000, 0x0ac00000)
  eden space 104960K, 100% used [0x02c00000, 0x09280000, 0x09280000)
  from space 13056K,  74% used [0x09280000, 0x09c0c9f8, 0x09f40000)
  to   space 13056K,   0% used [0x09f40000, 0x09f40000, 0x0ac00000)
 concurrent mark-sweep generation total 275128K, used 171600K [0x0ac00000, 0x1b8ae000, 0x42c00000)
 concurrent-mark-sweep perm gen total 61756K, used 39999K [0x42c00000, 0x4684f000, 0x46c00000)
Event: 79.272 GC heap after
Heap after GC invocations=65 (full 18):
 par new generation   total 118016K, used 10693K [0x02c00000, 0x0ac00000, 0x0ac00000)
  eden space 104960K,   0% used [0x02c00000, 0x02c00000, 0x09280000)
  from space 13056K,  81% used [0x09f40000, 0x0a9b17e0, 0x0ac00000)
  to   space 13056K,   0% used [0x09280000, 0x09280000, 0x09f40000)
 concurrent mark-sweep generation total 275128K, used 174049K [0x0ac00000, 0x1b8ae000, 0x42c00000)
 concurrent-mark-sweep perm gen total 61756K, used 39999K [0x42c00000, 0x4684f000, 0x46c00000)
}
Event: 79.863 GC heap before
{Heap before GC invocations=65 (full 18):
 par new generation   total 118016K, used 115653K [0x02c00000, 0x0ac00000, 0x0ac00000)
  eden space 104960K, 100% used [0x02c00000, 0x09280000, 0x09280000)
  from space 13056K,  81% used [0x09f40000, 0x0a9b17e0, 0x0ac00000)
  to   space 13056K,   0% used [0x09280000, 0x09280000, 0x09f40000)
 concurrent mark-sweep generation total 275128K, used 174049K [0x0ac00000, 0x1b8ae000, 0x42c00000)
 concurrent-mark-sweep perm gen total 61756K, used 40628K [0x42c00000, 0x4684f000, 0x46c00000)
Event: 79.890 GC heap after
Heap after GC invocations=66 (full 18):
 par new generation   total 118016K, used 9937K [0x02c00000, 0x0ac00000, 0x0ac00000)
  eden space 104960K,   0% used [0x02c00000, 0x02c00000, 0x09280000)
  from space 13056K,  76% used [0x09280000, 0x09c34648, 0x09f40000)
  to   space 13056K,   0% used [0x09f40000, 0x09f40000, 0x0ac00000)
 concurrent mark-sweep generation total 275128K, used 175527K [0x0ac00000, 0x1b8ae000, 0x42c00000)
 concurrent-mark-sweep perm gen total 61756K, used 40628K [0x42c00000, 0x4684f000, 0x46c00000)
}
Event: 81.947 GC heap before
{Heap before GC invocations=66 (full 18):
 par new generation   total 118016K, used 114897K [0x02c00000, 0x0ac00000, 0x0ac00000)
  eden space 104960K, 100% used [0x02c00000, 0x09280000, 0x09280000)
  from space 13056K,  76% used [0x09280000, 0x09c34648, 0x09f40000)
  to   space 13056K,   0% used [0x09f40000, 0x09f40000, 0x0ac00000)
 concurrent mark-sweep generation total 275128K, used 175527K [0x0ac00000, 0x1b8ae000, 0x42c00000)
 concurrent-mark-sweep perm gen total 61756K, used 41367K [0x42c00000, 0x4684f000, 0x46c00000)
Event: 81.978 GC heap after
Heap after GC invocations=67 (full 18):
 par new generation   total 118016K, used 13056K [0x02c00000, 0x0ac00000, 0x0ac00000)
  eden space 104960K,   0% used [0x02c00000, 0x02c00000, 0x09280000)
  from space 13056K, 100% used [0x09f40000, 0x0ac00000, 0x0ac00000)
  to   space 13056K,   0% used [0x09280000, 0x09280000, 0x09f40000)
 concurrent mark-sweep generation total 275128K, used 177875K [0x0ac00000, 0x1b8ae000, 0x42c00000)
 concurrent-mark-sweep perm gen total 61756K, used 41367K [0x42c00000, 0x4684f000, 0x46c00000)
}

Deoptimization events (0 events):
No events

Internal exceptions (10 events):
Event: 82.332 Thread 0x51fc7c00 Threw 0x05a6da30 at C:\re\jdk7u67\1368\hotspot\src\share\vm\prims\jvm.cpp:1244
Event: 82.339 Thread 0x51fc7c00 Threw 0x05a6ff48 at C:\re\jdk7u67\1368\hotspot\src\share\vm\prims\jni.cpp:717
Event: 82.341 Thread 0x51fc7c00 Threw 0x05a70948 at C:\re\jdk7u67\1368\hotspot\src\share\vm\prims\jni.cpp:717
Event: 82.342 Thread 0x51fc7c00 Threw 0x05a70f88 at C:\re\jdk7u67\1368\hotspot\src\share\vm\prims\jni.cpp:717
Event: 82.521 Thread 0x51fc7c00 Threw 0x05a71850 at C:\re\jdk7u67\1368\hotspot\src\share\vm\prims\jvm.cpp:1244
Event: 82.524 Thread 0x51fc7c00 Threw 0x05a7e218 at C:\re\jdk7u67\1368\hotspot\src\share\vm\prims\jvm.cpp:1244
Event: 82.730 Thread 0x51fc7c00 Threw 0x05a862b8 at C:\re\jdk7u67\1368\hotspot\src\share\vm\prims\jvm.cpp:1244
Event: 82.731 Thread 0x51fc7c00 Threw 0x05a8baa0 at C:\re\jdk7u67\1368\hotspot\src\share\vm\prims\jvm.cpp:1244
Event: 82.732 Thread 0x51fc7c00 Threw 0x05a90c88 at C:\re\jdk7u67\1368\hotspot\src\share\vm\prims\jvm.cpp:1244
Event: 82.733 Thread 0x51fc7c00 Threw 0x05a961e0 at C:\re\jdk7u67\1368\hotspot\src\share\vm\prims\jvm.cpp:1244

Events (10 events):
Event: 82.685 loading class 0x524695d8
Event: 82.685 loading class 0x524695d8 done
Event: 82.730 loading class 0x5236f360
Event: 82.730 loading class 0x5236f360 done
Event: 82.731 loading class 0x5238d358
Event: 82.731 loading class 0x5238d358 done
Event: 82.732 loading class 0x5236f390
Event: 82.732 loading class 0x5236f390 done
Event: 82.733 loading class 0x521d0a08
Event: 82.733 loading class 0x521d0a08 done


Dynamic libraries:
0x00400000 - 0x0042f000 	E:\MCBox\download\java\jre7\bin\javaw.exe
0x7c920000 - 0x7c9b3000 	C:\WINDOWS\system32\ntdll.dll
0x7c800000 - 0x7c91e000 	C:\WINDOWS\system32\kernel32.dll
0x77da0000 - 0x77e49000 	C:\WINDOWS\system32\ADVAPI32.dll
0x77e50000 - 0x77ee3000 	C:\WINDOWS\system32\RPCRT4.dll
0x77fc0000 - 0x77fd1000 	C:\WINDOWS\system32\Secur32.dll
0x77d10000 - 0x77da0000 	C:\WINDOWS\system32\USER32.dll
0x77ef0000 - 0x77f39000 	C:\WINDOWS\system32\GDI32.dll
0x77180000 - 0x77283000 	C:\WINDOWS\WinSxS\x86_Microsoft.Windows.Common-Controls_6595b64144ccf1df_6.0.2600.6028_x-ww_61e65202\COMCTL32.dll
0x77be0000 - 0x77c38000 	C:\WINDOWS\system32\msvcrt.dll
0x77f40000 - 0x77fb6000 	C:\WINDOWS\system32\SHLWAPI.dll
0x76300000 - 0x7631d000 	C:\WINDOWS\system32\IMM32.DLL
0x62c20000 - 0x62c29000 	C:\WINDOWS\system32\LPK.DLL
0x73fa0000 - 0x7400b000 	C:\WINDOWS\system32\USP10.dll
0x78aa0000 - 0x78b5f000 	E:\MCBox\download\java\jre7\bin\msvcr100.dll
0x6e770000 - 0x6eaf8000 	E:\MCBox\download\java\jre7\bin\client\jvm.dll
0x71a40000 - 0x71a4b000 	C:\WINDOWS\system32\WSOCK32.dll
0x71a20000 - 0x71a37000 	C:\WINDOWS\system32\WS2_32.dll
0x71a10000 - 0x71a18000 	C:\WINDOWS\system32\WS2HELP.dll
0x76b10000 - 0x76b3a000 	C:\WINDOWS\system32\WINMM.dll
0x76bc0000 - 0x76bcb000 	C:\WINDOWS\system32\PSAPI.DLL
0x6e6c0000 - 0x6e6cc000 	E:\MCBox\download\java\jre7\bin\verify.dll
0x6d480000 - 0x6d4a0000 	E:\MCBox\download\java\jre7\bin\java.dll
0x6e750000 - 0x6e763000 	E:\MCBox\download\java\jre7\bin\zip.dll
0x6e640000 - 0x6e660000 	E:\MCBox\download\java\jre7\bin\sunec.dll
0x68000000 - 0x68036000 	C:\WINDOWS\system32\rsaenh.dll
0x759d0000 - 0x75a7f000 	C:\WINDOWS\system32\USERENV.dll
0x5fdd0000 - 0x5fe25000 	C:\WINDOWS\system32\netapi32.dll
0x6e4b0000 - 0x6e4c4000 	E:\MCBox\download\java\jre7\bin\net.dll
0x76d30000 - 0x76d48000 	C:\WINDOWS\system32\IPHLPAPI.DLL
0x76d10000 - 0x76d28000 	C:\WINDOWS\system32\MPRAPI.dll
0x77c90000 - 0x77cc2000 	C:\WINDOWS\system32\ACTIVEDS.dll
0x76de0000 - 0x76e05000 	C:\WINDOWS\system32\adsldpc.dll
0x76f30000 - 0x76f5c000 	C:\WINDOWS\system32\WLDAP32.dll
0x76af0000 - 0x76b01000 	C:\WINDOWS\system32\ATL.DLL
0x76990000 - 0x76ace000 	C:\WINDOWS\system32\ole32.dll
0x770f0000 - 0x7717b000 	C:\WINDOWS\system32\OLEAUT32.dll
0x76e50000 - 0x76e5e000 	C:\WINDOWS\system32\rtutils.dll
0x71b70000 - 0x71b83000 	C:\WINDOWS\system32\SAMLIB.dll
0x76060000 - 0x761b6000 	C:\WINDOWS\system32\SETUPAPI.dll
0x6e4d0000 - 0x6e4df000 	E:\MCBox\download\java\jre7\bin\nio.dll
0x6e410000 - 0x6e41a000 	E:\MCBox\download\java\jre7\bin\management.dll
0x719c0000 - 0x719fe000 	C:\WINDOWS\System32\mswsock.dll
0x76ef0000 - 0x76f17000 	C:\WINDOWS\system32\DNSAPI.dll
0x76f80000 - 0x76f88000 	C:\WINDOWS\System32\winrnr.dll
0x76f90000 - 0x76f96000 	C:\WINDOWS\system32\rasadhlp.dll
0x6d000000 - 0x6d143000 	E:\MCBox\download\java\jre7\bin\awt.dll
0x5adc0000 - 0x5adf7000 	C:\WINDOWS\system32\uxtheme.dll
0x74680000 - 0x746cc000 	C:\WINDOWS\system32\MSCTF.dll
0x73640000 - 0x7366e000 	C:\WINDOWS\system32\msctfime.ime
0x7d590000 - 0x7dd84000 	C:\WINDOWS\system32\SHELL32.dll
0x6d270000 - 0x6d2a9000 	E:\MCBox\download\java\jre7\bin\fontmanager.dll
0x4b6d0000 - 0x4b876000 	C:\WINDOWS\system32\d3d9.dll
0x6dd20000 - 0x6dd26000 	C:\WINDOWS\system32\d3d8thk.dll
0x77bd0000 - 0x77bd8000 	C:\WINDOWS\system32\VERSION.dll
0x6e670000 - 0x6e6a0000 	E:\MCBox\download\java\jre7\bin\t2k.dll
0x6e6a0000 - 0x6e6b1000 	E:\MCBox\download\java\jre7\bin\unpack.dll
0x4b8d0000 - 0x4b91d000 	C:\Documents and Settings\Administrator\My Documents\1.7.10罪恶物语整合包\.minecraft\versions\1.7.10-Forge10.13.4.1558-1.7.10\1.7.10-Forge10.13.4.1558-1.7.10-natives\lwjgl.dll
0x5ef10000 - 0x5efdc000 	C:\WINDOWS\system32\OPENGL32.dll
0x68e20000 - 0x68e40000 	C:\WINDOWS\system32\GLU32.dll
0x736d0000 - 0x7371b000 	C:\WINDOWS\system32\DDRAW.dll
0x73b30000 - 0x73b36000 	C:\WINDOWS\system32\DCIMAN32.dll
0x69030000 - 0x6a353000 	C:\WINDOWS\system32\atioglxx.dll
0x4c4d0000 - 0x4c512000 	C:\WINDOWS\system32\atiadlxx.dll
0x78130000 - 0x781cb000 	C:\WINDOWS\WinSxS\x86_Microsoft.VC80.CRT_1fc8b3b9a1e18e3b_8.0.50727.6195_x-ww_44262b86\MSVCR80.dll
0x76c00000 - 0x76c2e000 	C:\WINDOWS\system32\WINTRUST.dll
0x765e0000 - 0x76675000 	C:\WINDOWS\system32\CRYPT32.dll
0x76db0000 - 0x76dc2000 	C:\WINDOWS\system32\MSASN1.dll
0x76c60000 - 0x76c89000 	C:\WINDOWS\system32\IMAGEHLP.dll
0x73aa0000 - 0x73ab5000 	C:\WINDOWS\system32\mscms.dll
0x72f70000 - 0x72f96000 	C:\WINDOWS\system32\WINSPOOL.DRV
0x60a20000 - 0x60a61000 	C:\WINDOWS\system32\icm32.dll
0x70a40000 - 0x70a7a000 	C:\Documents and Settings\Administrator\My Documents\1.7.10罪恶物语整合包\.minecraft\versions\1.7.10-Forge10.13.4.1558-1.7.10\1.7.10-Forge10.13.4.1558-1.7.10-natives\avutil-ttv-51.dll
0x65980000 - 0x6599d000 	C:\Documents and Settings\Administrator\My Documents\1.7.10罪恶物语整合包\.minecraft\versions\1.7.10-Forge10.13.4.1558-1.7.10\1.7.10-Forge10.13.4.1558-1.7.10-natives\swresample-ttv-0.dll
0x6eb80000 - 0x6ec09000 	C:\Documents and Settings\Administrator\My Documents\1.7.10罪恶物语整合包\.minecraft\versions\1.7.10-Forge10.13.4.1558-1.7.10\1.7.10-Forge10.13.4.1558-1.7.10-natives\libmp3lame-ttv.dll
0x4ee80000 - 0x4ef83000 	C:\Documents and Settings\Administrator\My Documents\1.7.10罪恶物语整合包\.minecraft\versions\1.7.10-Forge10.13.4.1558-1.7.10\1.7.10-Forge10.13.4.1558-1.7.10-natives\twitchsdk.dll
0x4efa0000 - 0x4f087000 	C:\WINDOWS\system32\WININET.dll
0x4f090000 - 0x4f099000 	C:\WINDOWS\system32\Normaliz.dll
0x4f0a0000 - 0x4f1d4000 	C:\WINDOWS\system32\urlmon.dll
0x4f1e0000 - 0x4f3cc000 	C:\WINDOWS\system32\iertutil.dll
0x60fd0000 - 0x61025000 	C:\WINDOWS\system32\hnetcfg.dll
0x71a00000 - 0x71a08000 	C:\WINDOWS\System32\wshtcpip.dll
0x6e660000 - 0x6e669000 	E:\MCBox\download\java\jre7\bin\sunmscapi.dll
0x59060000 - 0x590c5000 	C:\Documents and Settings\Administrator\My Documents\1.7.10罪恶物语整合包\.minecraft\versions\1.7.10-Forge10.13.4.1558-1.7.10\1.7.10-Forge10.13.4.1558-1.7.10-natives\OpenAL32.dll
0x76fa0000 - 0x7701f000 	C:\WINDOWS\system32\CLBCATQ.DLL
0x77020000 - 0x770ba000 	C:\WINDOWS\system32\COMRes.dll
0x73e70000 - 0x73ecc000 	C:\WINDOWS\system32\dsound.dll
0x72c90000 - 0x72c99000 	C:\WINDOWS\system32\wdmaud.drv
0x72c80000 - 0x72c88000 	C:\WINDOWS\system32\msacm32.drv
0x77bb0000 - 0x77bc5000 	C:\WINDOWS\system32\MSACM32.dll
0x77ba0000 - 0x77ba7000 	C:\WINDOWS\system32\midimap.dll
0x73e40000 - 0x73e44000 	C:\WINDOWS\system32\KsUser.dll
0x68d60000 - 0x68e01000 	C:\WINDOWS\system32\dbghelp.dll

VM Arguments:
jvm_args: -XX:HeapDumpPath=MojangTricksIntelDriversForPerformance_javaw.exe_minecraft.exe.heapdump -XX:+UseConcMarkSweepGC -XX:+CMSIncrementalMode -XX:-UseAdaptiveSizePolicy -XX:-OmitStackTraceInFastThrow -Xmn128m -Xmx1024m -Djava.library.path=C:\Documents and Settings\Administrator\My Documents\1.7.10罪恶物语整合包\.minecraft\versions\1.7.10-Forge10.13.4.1558-1.7.10\1.7.10-Forge10.13.4.1558-1.7.10-natives -Dfml.ignoreInvalidMinecraftCertificates=true -Dfml.ignorePatchDiscrepancies=true -Dhellominecraftlauncher.gamedir=C:\Documents and Settings\Administrator\My Documents\1.7.10罪恶物语整合包\.minecraft 
java_command: org.jackhuang.hellominecraft.launcher.Launcher -cp=C:\Documents and Settings\Administrator\My Documents\1.7.10罪恶物语整合包\.minecraft\libraries\net\minecraftforge\forge\1.7.10-10.13.4.1558-1.7.10\forge-1.7.10-10.13.4.1558-1.7.10.jar;C:\Documents and Settings\Administrator\My Documents\1.7.10罪恶物语整合包\.minecraft\libraries\net\minecraft\launchwrapper\1.12\launchwrapper-1.12.jar;C:\Documents and Settings\Administrator\My Documents\1.7.10罪恶物语整合包\.minecraft\libraries\org\ow2\asm\asm-all\5.0.3\asm-all-5.0.3.jar;C:\Documents and Settings\Administrator\My Documents\1.7.10罪恶物语整合包\.minecraft\libraries\com\typesafe\akka\akka-actor_2.11\2.3.3\akka-actor_2.11-2.3.3.jar;C:\Documents and Settings\Administrator\My Documents\1.7.10罪恶物语整合包\.minecraft\libraries\com\typesafe\config\1.2.1\config-1.2.1.jar;C:\Documents and Settings\Administrator\My Documents\1.7.10罪恶物语整合包\.minecraft\libraries\org\scala-lang\scala-actors-migration_2.11\1.1.0\scala-actors-migration_2.11-1.1.0.jar;C:\Documents and Settings\Administrator\My Documents\1.7.10罪恶物语整合包\.minecraft\libraries\org\scala-lang\scala-compiler\2.11.1\scala-compiler-2.11.1.jar;C:\Documents and Settings\Administrator\My Documents\1.7.10罪恶物语整合包\.minecraft\libraries\org\scala-lang\plugins\scala-continuations-library_2.11\1.0.2\scala-continuations-library_2.11-1.0.2.jar;C:\Documents and Settings\Administrator\My Documents\1.7.10罪恶物语整合包\.minecraft\libraries\org\scala-lang\plugins\scala-continuations-plugin_2.11.1\1.0.2\scala-continuations-plugin_2.11.1-1.0.2.jar;C:\Documents and Settings\Administrator\My Documents\1.7.10罪恶物语整合包\.minecraft\libraries\org\scala-lang\scala-library\2.11.1\scala-library-2.11.1.jar;C:\Documents and Settings\Administrator\My Documents\1.7.10罪恶物语整合包\.minecraft\libraries\org\scala-lang\scala-parser-combinators_2.11\1.0.1\scala-parser-combinators_2.11-1.0.1.jar;C:\Documents and Settings\Administrator\My Documents\1.7.10罪恶物语整合包\.m
Launcher Type: SUN_STANDARD

Environment Variables:
PATH=C:\WINDOWS\system32;C:\WINDOWS;C:\WINDOWS\System32\Wbem;D:\Program Files\Autodesk\Backburner\;C:\Program Files\Microsoft SQL Server\80\Tools\Binn\;C:\Documents and Settings\Administrator\Local Settings\Application Data\Kingsoft\WPS Office\10.1.0.6030\office6;D:\Program Files\bin
USERNAME=Administrator
OS=Windows_NT
PROCESSOR_IDENTIFIER=x86 Family 6 Model 15 Stepping 13, GenuineIntel



---------------  S Y S T E M  ---------------

OS: Windows XP Build 2600 Service Pack 3

CPU:total 2 (2 cores per cpu, 1 threads per core) family 6 model 15 stepping 13, cmov, cx8, fxsr, mmx, sse, sse2, sse3, ssse3, tsc

Memory: 4k page, physical 2096300k(662920k free), swap 4030972k(1916904k free)

vm_info: Java HotSpot(TM) Client VM (24.65-b04) for windows-x86 JRE (1.7.0_67-b01), built on Jul 25 2014 10:20:53 by "java_re" with unknown MS VC++:1600

time: Sun Dec 18 11:13:33 2016
elapsed time: 82 seconds

