==== aji ==== 
Found block Class 
Block Method found: b (Lahl;III)Z
1) Injected block code into: b (Lahl;III)Z
Block Method found: f (Lahb;III)F
2) Injected block code into: f (Lahb;III)F
Block Method found: c (Lahl;III)I
3) Injected block code into: c (Lahl;III)I
Block Method found: a (Lahl;IIII)Z
4) Injected block code into: a (Lahl;IIII)Z
Block Method found: d (Lahl;IIII)Z
5) Injected block code into: d (Lahl;IIII)Z
Block Method found: e (Lahl;IIII)Lrf;
6) Injected block code into: e (Lahl;IIII)Lrf;
Block Method found: a (Lahb;IIILazt;Ljava/util/List;Lsa;)V
7) Injected block code into: a (Lahb;IIILazt;Ljava/util/List;Lsa;)V
Block Method found: a (Lahb;III)Lazt;
8) Injected block code into: a (Lahb;III)Lazt;
Block Method found: g (Lahb;III)Lazt;
9) Injected block code into: g (Lahb;III)Lazt;
Block Method found: a (Lahb;IIILjava/util/Random;)V
10) Injected block code into: a (Lahb;IIILjava/util/Random;)V
Block Method found: b (Lahb;IIILjava/util/Random;)V
11) Injected block code into: b (Lahb;IIILjava/util/Random;)V
Block Method found: b (Lahb;IIII)V
12) Injected block code into: b (Lahb;IIII)V
Block Method found: a (Lahb;IIILaji;)V
13) Injected block code into: a (Lahb;IIILaji;)V
Block Method found: b (Lahb;III)V
14) Injected block code into: b (Lahb;III)V
Block Method found: a (Lahb;IIILaji;I)V
15) Injected block code into: a (Lahb;IIILaji;I)V
Block Method found: a (Lyz;Lahb;III)F
16) Injected block code into: a (Lyz;Lahb;III)F
Block Method found: b (Lahb;IIIII)V
17) Injected block code into: b (Lahb;IIIII)V
Block Method found: a (Lahb;IIIIFI)V
18) Injected block code into: a (Lahb;IIIIFI)V
Block Method found: a (Lahb;IIILadd;)V
19) Injected block code into: a (Lahb;IIILadd;)V
Block Method found: c (Lahb;IIII)V
20) Injected block code into: c (Lahb;IIII)V
Block Method found: a (Lahb;IIILazw;Lazw;)Lazu;
21) Injected block code into: a (Lahb;IIILazw;Lazw;)Lazu;
Block Method found: a (Lahb;IIILagw;)V
22) Injected block code into: a (Lahb;IIILagw;)V
Block Method found: a (Lahb;IIIILadd;)Z
23) Injected block code into: a (Lahb;IIIILadd;)Z
Block Method found: d (Lahb;IIII)Z
24) Injected block code into: d (Lahb;IIII)Z
Block Method found: c (Lahb;III)Z
25) Injected block code into: c (Lahb;III)Z
Block Method found: a (Lahb;IIILyz;IFFF)Z
26) Injected block code into: a (Lahb;IIILyz;IFFF)Z
Block Method found: b (Lahb;IIILsa;)V
27) Injected block code into: b (Lahb;IIILsa;)V
Block Method found: a (Lahb;IIIIFFFI)I
28) Injected block code into: a (Lahb;IIIIFFFI)I
Block Method found: a (Lahb;IIILyz;)V
29) Injected block code into: a (Lahb;IIILyz;)V
Block Method found: a (Lahb;IIILsa;Lazw;)V
30) Injected block code into: a (Lahb;IIILsa;Lazw;)V
Block Method found: a (Lahl;III)V
31) Injected block code into: a (Lahl;III)V
Block Method found: d (Lahl;III)I
32) Injected block code into: d (Lahl;III)I
Block Method found: b (Lahl;IIII)I
33) Injected block code into: b (Lahl;IIII)I
Block Method found: a (Lahb;IIILsa;)V
34) Injected block code into: a (Lahb;IIILsa;)V
Block Method found: c (Lahl;IIII)I
35) Injected block code into: c (Lahl;IIII)I
Block Method found: a (Lahb;Lyz;IIII)V
36) Injected block code into: a (Lahb;Lyz;IIII)V
Block Method found: j (Lahb;III)Z
37) Injected block code into: j (Lahb;III)Z
Block Method found: a (Lahb;IIILsv;Ladd;)V
38) Injected block code into: a (Lahb;IIILsv;Ladd;)V
Block Method found: e (Lahb;IIII)V
39) Injected block code into: e (Lahb;IIII)V
Block Method found: a (Lahb;IIIII)Z
40) Injected block code into: a (Lahb;IIIII)Z
Block Method found: a (Lahb;IIILsa;F)V
41) Injected block code into: a (Lahb;IIILsa;F)V
Block Method found: d (Lahb;III)Ladb;
42) Injected block code into: d (Lahb;III)Ladb;
Block Method found: k (Lahb;III)I
43) Injected block code into: k (Lahb;III)I
Block Method found: a (Lahb;IIIILyz;)V
44) Injected block code into: a (Lahb;IIIILyz;)V
Block Method found: f (Lahb;IIII)V
45) Injected block code into: f (Lahb;IIII)V
Block Method found: l (Lahb;III)V
46) Injected block code into: l (Lahb;III)V
Block Method found: g (Lahb;IIII)I
47) Injected block code into: g (Lahb;IIII)I
Block Method found: getLightValue (Lahl;III)I
48) Injected block code into: getLightValue (Lahl;III)I
Block Method found: isLadder (Lahl;IIILsv;)Z
49) Injected block code into: isLadder (Lahl;IIILsv;)Z
Block Method found: isNormalCube (Lahl;III)Z
50) Injected block code into: isNormalCube (Lahl;III)Z
Block Method found: isSideSolid (Lahl;IIILnet/minecraftforge/common/util/ForgeDirection;)Z
51) Injected block code into: isSideSolid (Lahl;IIILnet/minecraftforge/common/util/ForgeDirection;)Z
Block Method found: isReplaceable (Lahl;III)Z
52) Injected block code into: isReplaceable (Lahl;III)Z
Block Method found: isBurning (Lahl;III)Z
53) Injected block code into: isBurning (Lahl;III)Z
Block Method found: isAir (Lahl;III)Z
54) Injected block code into: isAir (Lahl;III)Z
Block Method found: removedByPlayer (Lahb;Lyz;IIIZ)Z
55) Injected block code into: removedByPlayer (Lahb;Lyz;IIIZ)Z
Block Method found: removedByPlayer (Lahb;Lyz;III)Z
56) Injected block code into: removedByPlayer (Lahb;Lyz;III)Z
Block Method found: getFlammability (Lahl;IIILnet/minecraftforge/common/util/ForgeDirection;)I
57) Injected block code into: getFlammability (Lahl;IIILnet/minecraftforge/common/util/ForgeDirection;)I
Block Method found: isFlammable (Lahl;IIILnet/minecraftforge/common/util/ForgeDirection;)Z
58) Injected block code into: isFlammable (Lahl;IIILnet/minecraftforge/common/util/ForgeDirection;)Z
Block Method found: getFireSpreadSpeed (Lahl;IIILnet/minecraftforge/common/util/ForgeDirection;)I
59) Injected block code into: getFireSpreadSpeed (Lahl;IIILnet/minecraftforge/common/util/ForgeDirection;)I
Block Method found: isFireSource (Lahb;IIILnet/minecraftforge/common/util/ForgeDirection;)Z
60) Injected block code into: isFireSource (Lahb;IIILnet/minecraftforge/common/util/ForgeDirection;)Z
Block Method found: getDrops (Lahb;IIIII)Ljava/util/ArrayList;
61) Injected block code into: getDrops (Lahb;IIIII)Ljava/util/ArrayList;
Block Method found: canSilkHarvest (Lahb;Lyz;IIII)Z
62) Injected block code into: canSilkHarvest (Lahb;Lyz;IIII)Z
Block Method found: canCreatureSpawn (Lsx;Lahl;III)Z
63) Injected block code into: canCreatureSpawn (Lsx;Lahl;III)Z
Block Method found: isBed (Lahl;IIILsv;)Z
64) Injected block code into: isBed (Lahl;IIILsv;)Z
Block Method found: getBedSpawnPosition (Lahl;IIILyz;)Lr;
65) Injected block code into: getBedSpawnPosition (Lahl;IIILyz;)Lr;
Block Method found: setBedOccupied (Lahl;IIILyz;Z)V
66) Injected block code into: setBedOccupied (Lahl;IIILyz;Z)V
Block Method found: getBedDirection (Lahl;III)I
67) Injected block code into: getBedDirection (Lahl;III)I
Block Method found: isBedFoot (Lahl;III)Z
68) Injected block code into: isBedFoot (Lahl;III)Z
Block Method found: beginLeavesDecay (Lahb;III)V
69) Injected block code into: beginLeavesDecay (Lahb;III)V
Block Method found: canSustainLeaves (Lahl;III)Z
70) Injected block code into: canSustainLeaves (Lahl;III)Z
Block Method found: isLeaves (Lahl;III)Z
71) Injected block code into: isLeaves (Lahl;III)Z
Block Method found: isWood (Lahl;III)Z
72) Injected block code into: isWood (Lahl;III)Z
Block Method found: isReplaceableOreGen (Lahb;IIILaji;)Z
73) Injected block code into: isReplaceableOreGen (Lahb;IIILaji;)Z
Block Method found: onBlockExploded (Lahb;IIILagw;)V
74) Injected block code into: onBlockExploded (Lahb;IIILagw;)V
Block Method found: canConnectRedstone (Lahl;IIII)Z
75) Injected block code into: canConnectRedstone (Lahl;IIII)Z
Block Method found: canPlaceTorchOnTop (Lahb;III)Z
76) Injected block code into: canPlaceTorchOnTop (Lahb;III)Z
Block Method found: getPickBlock (Lazu;Lahb;IIILyz;)Ladd;
77) Injected block code into: getPickBlock (Lazu;Lahb;IIILyz;)Ladd;
Block Method found: getPickBlock (Lazu;Lahb;III)Ladd;
78) Injected block code into: getPickBlock (Lazu;Lahb;III)Ladd;
Block Method found: isFoliage (Lahl;III)Z
79) Injected block code into: isFoliage (Lahl;III)Z
Block Method found: addDestroyEffects (Lahb;IIIILbkn;)Z
80) Injected block code into: addDestroyEffects (Lahb;IIIILbkn;)Z
Block Method found: canSustainPlant (Lahl;IIILnet/minecraftforge/common/util/ForgeDirec