[19:09:28] [Client thread/INFO] [JMLogger] JourneyMap log initialized.
[19:09:28] [Client thread/INFO] [JourneymapClient] ensureCurrent ENTER
[19:09:28] [Client thread/INFO] [PropertiesBase] Loaded CoreProperties from C:\Users\Administrator\Desktop\[1.7.10消风整合元素世纪v1.0\.minecraft\journeymap\config\5.1\journeymap.core.config
[19:09:28] [Client thread/INFO] [PropertiesBase] Loaded FullMapProperties from C:\Users\Administrator\Desktop\[1.7.10消风整合元素世纪v1.0\.minecraft\journeymap\config\5.1\journeymap.fullmap.config
[19:09:28] [Client thread/INFO] [PropertiesBase] Loaded MiniMapProperties from C:\Users\Administrator\Desktop\[1.7.10消风整合元素世纪v1.0\.minecraft\journeymap\config\5.1\journeymap.minimap.config
[19:09:28] [Client thread/INFO] [PropertiesBase] Loaded MiniMapProperties2 from C:\Users\Administrator\Desktop\[1.7.10消风整合元素世纪v1.0\.minecraft\journeymap\config\5.1\journeymap.minimap2.config
[19:09:28] [Client thread/INFO] [PropertiesBase] Loaded WebMapProperties from C:\Users\Administrator\Desktop\[1.7.10消风整合元素世纪v1.0\.minecraft\journeymap\config\5.1\journeymap.webmap.config
[19:09:28] [Client thread/INFO] [PropertiesBase] Loaded WaypointProperties from C:\Users\Administrator\Desktop\[1.7.10消风整合元素世纪v1.0\.minecraft\journeymap\config\5.1\journeymap.waypoint.config
[19:09:28] [Client thread/INFO] [?] Version: JourneyMap 5.1.1 Unlimited, built with Forge 10.13.4.1558
Forge: 10.13.4.1614
Environment: os.name, os.arch, java.version, user.country, user.language=null, game language=zh_CN, locale=zh_cn
Unlimited Features: 
	RadarPlayers : singleplayer = true , multiplayer = true
	RadarAnimals : singleplayer = true , multiplayer = true
	RadarMobs : singleplayer = true , multiplayer = true
	RadarVillagers : singleplayer = true , multiplayer = true
	MapCaves : singleplayer = true , multiplayer = true
MiniMapProperties{entityIconSetName=2D, showAnimals=true, showMobs=true, showPets=true, showPlayers=true, showSelf=true, showVillagers=true, showWaypoints=true, zoomLevel=0, fontScale=2, locationFormat=xzyv, locationFormatVerbose=true, showCaves=true, showWaypointLabels=true, showMobHeading=true, showPlayerHeading=true, textureSmall=true, active=true, compassFontScale=2, enabled=true, frameAlpha=100, name=minimap, orientation=North, position=屏幕右上, preferredMapType=day, reticleOrientation=罗盘模式, shape=圆形, showBiome=true, showCompass=true, showFps=false, showLocation=true, showReticle=true, sizePercent=30, terrainAlpha=100}
MiniMapProperties2{enabled=true, shape=矩形, position=屏幕中上, showFps=false, showBiome=true, showLocation=true, showWaypointLabels=true, sizePercent=30, frameAlpha=60, terrainAlpha=60, orientation=, compassFontScale=2, showCompass=true, showReticle=true, reticleOrientation=罗盘模式, preferredMapType=day, name=minimap2, id=2}
FullMapProperties{entityIconSetName=2D, showAnimals=true, showMobs=true, showPets=true, showPlayers=true, showSelf=true, showVillagers=true, showWaypoints=true, zoomLevel=0, fontScale=2, locationFormat=xzyv, locationFormatVerbose=true, showCaves=true, showWaypointLabels=true, showMobHeading=true, showPlayerHeading=true, textureSmall=true, preferredMapType=day, showGrid=true}
WaypointProperties{autoHideLabel=true, beaconEnabled=true, boldLabel=false, createDeathpoints=true, fontScale=2, managerEnabled=true, maxDistance=0, name=waypoint, showDistance=true, showName=true, showRotatingBeam=true, showStaticBeam=true, showTexture=true, textureSmall=true}
WebMapProperties: , enabled=false, port=8080, showMobs=true, showAnimals=true, showVillagers=true, showPets=true, showPlayers=true, showWaypoints=true, entityIconSetName=2D
CoreProperties{announceMod=true, autoMapPoll=2000, browserPoll=2000, cacheAnimalsData=3100, cacheMobsData=3000, cachePlayerData=1000, cachePlayersData=2000, cacheVillagersData=2200, caveIgnoreGlass=true, isUpdateCheckEnabled=true, renderDelay=2, hideSneakingEntities=true, logLevel=INFO, mapAntialiasing=true, mapBathymetry=false, mapCaveLighting=true, mapCrops=true, mapPlants=false, mapPlantShadows=false, mapSurfaceAboveCaves=true, tileHighDisplayQuality=true, mapTransparency=true, maxAnimalsData=32, maxMobsData=32, maxPlayersData=32, maxVillagersData=32, optionsManagerViewed=, radarLateralDistance=64, radarVerticalDistance=16, recordCacheStats=false, renderOverlayEventTypeName=ALL, renderOverlayPreEvent=true, renderDistanceCaveMin=3, renderDistanceCaveMax=3, renderDistanceSurfaceMin=4, renderDistanceSurfaceMax=7, revealShape=圆形, themeName=Victorian, tileRenderType=1}
[19:09:28] [Client thread/INFO] [JourneymapClient] ensureCurrent EXIT, elapsed§8 count §r1§8 avg §r516.01§8ms§r
[19:09:39] [Client thread/INFO] [JourneymapClient] postInitialize ENTER
[19:09:39] [Client thread/DEBUG] [EventHandlerManager] journeymap.client.forge.event.ChatEventHandler registered in MinecraftForgeBus
[19:09:39] [Client thread/DEBUG] [EventHandlerManager] journeymap.client.forge.event.StateTickHandler registered in FMLCommonHandlerBus
[19:09:39] [Client thread/DEBUG] [EventHandlerManager] journeymap.client.forge.event.WorldEventHandler registered in MinecraftForgeBus
[19:09:39] [Client thread/DEBUG] [EventHandlerManager] journeymap.client.forge.event.ChunkUpdateHandler registered in MinecraftForgeBus
[19:09:39] [Client thread/DEBUG] [EventHandlerManager] journeymap.client.forge.event.WaypointBeaconHandler registered in MinecraftForgeBus
[19:09:39] [Client thread/DEBUG] [EventHandlerManager] journeymap.client.forge.event.TextureAtlasHandler registered in MinecraftForgeBus
[19:09:39] [Client thread/INFO] [WorldInfoHandler] Registered channel: world_info
[19:09:39] [Client thread/DEBUG] [EventHandlerManager] journeymap.client.forge.event.MiniMapOverlayHandler registered in MinecraftForgeBus
[19:09:39] [Client thread/DEBUG] [EventHandlerManager] journeymap.client.forge.event.KeyEventHandler registered in FMLCommonHandlerBus
[19:09:39] [Client thread/INFO] [IconSetFileHandler] Initializing icon sets...
[19:09:40] [Client thread/TRACE] [ThemeFileHandler] Initializing themes ...
[19:09:40] [Client thread/DEBUG] [PropertiesBase] Saved journeymap.webmap.config
[19:09:41] [Client thread/DEBUG] [StatTimer] elapsed was slow: 1836.410594
[19:09:41] [Client thread/INFO] [JourneymapClient] postInitialize EXIT, elapsed§8 count §r1§8 avg §r§r1836.41§8ms§r
[19:09:43] [JM-VersionCheck-1/INFO] [VersionCheck$1] Newer version online: JourneyMap 5.1.3 for Minecraft 1.7.10 on http://minecraft.curseforge.com/projects/journeymap-32274/files/2269314
[19:10:17] [Client thread/INFO] [BlockMD] Built BlockMD cache (2434) : BlockMD.reset count 1 avg 145.03ms
[19:10:17] [Client thread/INFO] [ColorHelper_1_7_10] initBlocksTexture: 87.409103ms
[19:10:17] [Client thread/INFO] [ColorPalette] Existing color palette's resource packs and mod names match current loadout.
[19:10:17] [Client thread/INFO] [ColorManager] Existing color palette loaded 1604 colors in 45ms from file: C:\Users\Administrator\Desktop\[1.7.10消风整合元素世纪v1.0\.minecraft\journeymap\colorpalette.json
[19:10:17] [Client thread/INFO] [ColorHelper_1_7_10] initBlocksTexture: 66.559136ms
[19:10:17] [Client thread/WARN] [ColorHelper_1_7_10] Error getting BlockDoublePlant icon from mod. Plese report this exception to the mod author of Botania:doubleFlower1: java.lang.NullPointerException
	at net.minecraft.block.BlockDoublePlant.func_149888_a(BlockDoublePlant.java:128)
	at journeymap.client.forge.helper.impl.ColorHelper_1_7_10.getDirectIcon(ColorHelper_1_7_10.java:185)
[19:10:17] [Client thread/WARN] [ColorHelper_1_7_10] Error getting BlockDoublePlant icon from mod. Plese report this exception to the mod author of Botania:doubleFlower1: java.lang.NullPointerException
	at net.minecraft.block.BlockDoublePlant.func_149888_a(BlockDoublePlant.java:128)
	at journeymap.client.forge.helper.impl.ColorHelper_1_7_10.getDirectIcon(ColorHelper_1_7_10.java:185)
[19:10:17] [Client thread/WARN] [ColorHelper_1_7_10] Error getting BlockDoublePlant icon from mod. Plese report this exception to the mod author of Botania:doubleFlower1: java.lang.NullPointerException
	at net.minecraft.block.BlockDoublePlant.func_149888_a(BlockDoublePlant.java:128)
	at journeymap.client.forge.helper.impl.ColorHelper_1_7_10.getDirectIcon(ColorHelper_1_7_10.java:185)
[19:10:17] [Client thread/WARN] [ColorHelper_1_7_10] Error getting BlockDoublePlant icon from mod. Plese report this exception to the mod author of Botania:doubleFlower1: java.lang.NullPointerException
	at net.minecraft.block.BlockDoublePlant.func_149888_a(BlockDoublePlant.java:128)
	at journeymap.client.forge.helper.impl.ColorHelper_1_7_10.getDirectIcon(ColorHelper_1_7_10.java:185)
[19:10:17] [Client thread/WARN] [ColorHelper_1_7_10] Error getting BlockDoublePlant icon from mod. Plese report this exception to the mod author of Botania:doubleFlower1: java.lang.NullPointerException
	at net.minecraft.block.BlockDoublePlant.func_149888_a(BlockDoublePlant.java:128)
	at journeymap.client.forge.helper.impl.ColorHelper_1_7_10.getDirectIcon(ColorHelper_1_7_10.java:185)
[19:10:17] [Client thread/WARN] [ColorHelper_1_7_10] Error getting BlockDoublePlant icon from mod. Plese report this exception to the mod author of Botania:doubleFlower1: java.lang.NullPointerException
	at net.minecraft.block.BlockDoublePlant.func_149888_a(BlockDoublePlant.java:128)
	at journeymap.client.forge.helper.impl.ColorHelper_1_7_10.getDirectIcon(ColorHelper_1_7_10.java:185)
[19:10:17] [Client thread/WARN] [ColorHelper_1_7_10] Error getting BlockDoublePlant icon from mod. Plese report this exception to the mod author of Botania:doubleFlower1: java.lang.NullPointerException
	at net.minecraft.block.BlockDoublePlant.func_149888_a(BlockDoublePlant.java:128)
	at journeymap.client.forge.helper.impl.ColorHelper_1_7_10.getDirectIcon(ColorHelper_1_7_10.java:185)
[19:10:17] [Client thread/WARN] [ColorHelper_1_7_10] Error getting BlockDoublePlant icon from mod. Plese report this exception to the mod author of Botania:doubleFlower1: java.lang.NullPointerException
	at net.minecraft.block.BlockDoublePlant.func_149888_a(BlockDoublePlant.java:128)
	at journeymap.client.forge.helper.impl.ColorHelper_1_7_10.getDirectIcon(ColorHelper_1_7_10.java:185)
[19:10:17] [Client thread/WARN] [ColorHelper_1_7_10] Error getting BlockDoublePlant icon from mod. Plese report this exception to the mod author of Botania:doubleFlower2: java.lang.NullPointerException
	at net.minecraft.block.BlockDoublePlant.func_149888_a(BlockDoublePlant.java:128)
	at journeymap.client.forge.helper.impl.ColorHelper_1_7_10.getDirectIcon(ColorHelper_1_7_10.java:185)
[19:10:17] [Client thread/WARN] [ColorHelper_1_7_10] Error getting BlockDoublePlant icon from mod. Plese report this exception to the mod author of Botania:doubleFlower2: java.lang.NullPointerException
	at net.minecraft.block.BlockDoublePlant.func_149888_a(BlockDoublePlant.java:128)
	at journeymap.client.forge.helper.impl.ColorHelper_1_7_10.getDirectIcon(ColorHelper_1_7_10.java:185)
[19:10:17] [Client thread/WARN] [ColorHelper_1_7_10] Error getting BlockDoublePlant icon from mod. Plese report this exception to the mod author of Botania:doubleFlower2: java.lang.NullPointerException
	at net.minecraft.block.BlockDoublePlant.func_149888_a(BlockDoublePlant.java:128)
	at journeymap.client.forge.helper.impl.ColorHelper_1_7_10.getDirectIcon(ColorHelper_1_7_10.java:185)
[19:10:17] [Client thread/WARN] [ColorHelper_1_7_10] Error getting BlockDoublePlant icon from mod. Plese report this exception to the mod author of Botania:doubleFlower2: java.lang.NullPointerException
	at net.minecraft.block.BlockDoublePlant.func_149888_a(BlockDoublePlant.java:128)
	at journeymap.client.forge.helper.impl.ColorHelper_1_7_10.getDirectIcon(ColorHelper_1_7_10.java:185)
[19:10:17] [Client thread/WARN] [ColorHelper_1_7_10] Error getting BlockDoublePlant icon from mod. Plese report this exception to the mod author of Botania:doubleFlower2: java.lang.NullPointerException
	at net.minecraft.block.BlockDoublePlant.func_149888_a(BlockDoublePlant.java:128)
	at journeymap.client.forge.helper.impl.ColorHelper_1_7_10.getDirectIcon(ColorHelper_1_7_10.java:185)
[19:10:17] [Client thread/WARN] [ColorHelper_1_7_10] Error getting BlockDoublePlant icon from mod. Plese report this exception to the mod author of Botania:doubleFlower2: java.lang.NullPointerException
	at net.minecraft.block.BlockDoublePlant.func_149888_a(BlockDoublePlant.java:128)
	at journeymap.client.forge.helper.impl.ColorHelper_1_7_10.getDirectIcon(ColorHelper_1_7_10.java:185)
[19:10:17] [Client thread/WARN] [ColorHelper_1_7_10] Error getting BlockDoublePlant icon from mod. Plese report this exception to the mod author of Botania:doubleFlower2: java.lang.NullPointerException
	at net.minecraft.block.BlockDoublePlant.func_149888_a(BlockDoublePlant.java:128)
	at journeymap.client.forge.helper.impl.ColorHelper_1_7_10.getDirectIcon(ColorHelper_1_7_10.java:185)
[19:10:17] [Client thread/WARN] [ColorHelper_1_7_10] Error getting BlockDoublePlant icon from mod. Plese report this exception to the mod author of Botania:doubleFlower2: java.lang.NullPointerException
	at net.minecraft.block.BlockDoublePlant.func_149888_a(BlockDoublePlant.java:128)
	at journeymap.client.forge.helper.impl.ColorHelper_1_7_10.getDirectIcon(ColorHelper_1_7_10.java:185)
[19:10:17] [Client thread/INFO] [ColorManager] Initialized 148 block colors from resource packs in 171ms
[19:10:17] [Client thread/WARN] [ColorPalette] Block with Error flag won't be saved to color palette: BlockMD [appliedenergistics2:tile.BlockGrinder:0] (Transparency,Error)
[19:10:17] [Client thread/WARN] [ColorPalette] Block with Error flag won't be saved to color palette: BlockMD [appliedenergistics2:tile.BlockIOPort:0] (Transparency,Error)
[19:10:17] [Client thread/WARN] [ColorPalette] Block with Error flag won't be saved to color palette: BlockMD [appliedenergistics2:tile.BlockCharger:0] (Transparency,Error)
[19:10:17] [Client thread/WARN] [ColorPalette] Block with Error flag won't be saved to color palette: BlockMD [witchery:force:0] (Transparency,Error)
[19:10:17] [Client thread/WARN] [ColorPalette] Block with Error flag won't be saved to color palette: BlockMD [appliedenergistics2:tile.BlockCraftingStorage:0] (Transparency,Error)
[19:10:17] [Client thread/WARN] [ColorPalette] Block with Error flag won't be saved to color palette: BlockMD [appliedenergistics2:tile.BlockCellWorkbench:0] (Transparency,Error)
[19:10:17] [Client thread/WARN] [ColorPalette] Block with Error flag won't be saved to color palette: BlockMD [ThaumicHorizons:PortalTH:0] (Transparency,Error)
[19:10:17] [Client thread/WARN] [ColorPalette] Block with Error flag won't be saved to color palette: BlockMD [appliedenergistics2:tile.QuartzStairBlock:0] (Transparency,Error)
[19:10:17] [Client thread/WARN] [ColorPalette] Block with Error flag won't be saved to color palette: BlockMD [appliedenergistics2:tile.BlockInterface:0] (Transparency,Error)
[19:10:17] [Client thread/WARN] [ColorPalette] Block with Error flag won't be saved to color palette: BlockMD [appliedenergistics2:tile.BlockCraftingUnit:0] (Transparency,Error)
[19:10:17] [Client thread/WARN] [ColorPalette] Block with Error flag won't be saved to color palette: BlockMD [ThaumicHorizons:light:0] (Transparency,Error)
[19:10:17] [Client thread/WARN] [ColorPalette] Block with Error flag won't be saved to color palette: BlockMD [appliedenergistics2:tile.BlockChest:0] (Transparency,Error)
[19:10:17] [Client thread/WARN] [ColorPalette] Block with Error flag won't be saved to color palette: BlockMD [appliedenergistics2:tile.OreQuartz:0] (Transparency,Error)
[19:10:17] [Client thread/WARN] [ColorPalette] Block with Error flag won't be saved to color palette: BlockMD [appliedenergistics2:tile.BlockQuartzPillar:0] (Transparency,Error)
[19:10:17] [Client thread/WARN] [ColorPalette] Block with Error flag won't be saved to color palette: BlockMD [Thaumcraft:blockAiry:0] (Transparency,Error)
[19:10:17] [Client thread/WARN] [ColorPalette] Block with Error flag won't be saved to color palette: BlockMD [Thaumcraft:blockWarded:0] (Transparency,Error)
[19:10:17] [Client thread/WARN] [ColorPalette] Block with Error flag won't be saved to color palette: BlockMD [appliedenergistics2:tile.BlockQuartzTorch:0] (HasAir,NoShadow,Transparency,Error)
[19:10:17] [Client thread/WARN] [ColorPalette] Block with Error flag won't be saved to color palette: BlockMD [appliedenergistics2:tile.BlockCreativeEnergyCell:0] (Transparency,Error)
[19:10:17] [Client thread/WARN] [ColorPalette] Block with Error flag won't be saved to color palette: BlockMD [appliedenergistics2:tile.BlockQuartz:0] (Transparency,Error)
[19:10:17] [Client thread/WARN] [ColorPalette] Block with Error flag won't be saved to color palette: BlockMD [appliedenergistics2:tile.BlockCraftingMonitor:0] (Transparency,Error)
[19:10:17] [Client thread/WARN] [ColorPalette] Block with Error flag won't be saved to color palette: BlockMD [appliedenergistics2:tile.BlockMolecularAssembler:0] (Transparency,Error)
[19:10:17] [Client thread/WARN] [ColorPalette] Block with Error flag won't be saved to color palette: BlockMD [appliedenergistics2:tile.FluixStairBlock:0] (Transparency,Error)
[19:10:17] [Client thread/WARN] [ColorPalette] Block with Error flag won't be saved to color palette: BlockMD [AWWayofTime:spectralContainer:0] (Transparency,Error)
[19:10:17] [Client thread/WARN] [ColorPalette] Block with Error flag won't be saved to color palette: BlockMD [appliedenergistics2:tile.BlockEnergyAcceptor:0] (Transparency,Error)
[19:10:17] [Client thread/WARN] [ColorPalette] Block with Error flag won't be saved to color palette: BlockMD [appliedenergistics2:tile.BlockDrive:0] (Transparency,Error)
[19:10:17] [Client thread/WARN] [ColorPalette] Block with Error flag won't be saved to color palette: BlockMD [appliedenergistics2:tile.BlockSkyStone:0] (Transparency,Error)
[19:10:17] [Client thread/WARN] [ColorPalette] Block with Error flag won't be saved to color palette: BlockMD [appliedenergistics2:tile.BlockQuartzLamp:0] (OpenToSky,Transparency,Error,TransparentRoof)
[19:10:17] [Client thread/WARN] [ColorPalette] Block with Error flag won't be saved to color palette: BlockMD [appliedenergistics2:tile.BlockQuantumLinkChamber:0] (Transparency,Error)
[19:10:17] [Client thread/WARN] [ColorPalette] Block with Error flag won't be saved to color palette: BlockMD [appliedenergistics2:tile.BlockFluix:0] (Transparency,Error)
[19:10:17] [Client thread/WARN] [ColorPalette] Block with Error flag won't be saved to color palette: BlockMD [appliedenergistics2:tile.BlockCrank:0] (Transparency,Error)
[19:10:17] [Client thread/WARN] [ColorPalette] Block with Error flag won't be saved to color palette: BlockMD [appliedenergistics2:tile.BlockWireless:0] (Transparency,Error)
[19:10:17] [Client thread/WARN] [ColorPalette] Block with Error flag won't be saved to color palette: BlockMD [appliedenergistics2:tile.BlockSkyChest:0] (Transparency,Error)
[19:10:17] [Client thread/WARN] [ColorPalette] Block with Error flag won't be saved to color palette: BlockMD [appliedenergistics2:tile.QuartzPillarStairBlock:0] (Transparency,Error)
[19:10:17] [Client thread/WARN] [ColorPalette] Block with Error flag won't be saved to color palette: BlockMD [appliedenergistics2:tile.BlockSecurity:0] (Transparency,Error)
[19:10:17] [Client thread/WARN] [ColorPalette] Block with Error flag won't be saved to color palette: BlockMD [appliedenergistics2:tile.BlockInscriber:0] (Transparency,Error)
[19:10:17] [Client thread/WARN] [ColorPalette] Block with Error flag won't be saved to color palette: BlockMD [appliedenergistics2:tile.BlockSpatialPylon:0] (Transparency,Error)
[19:10:17] [Client thread/WARN] [ColorPalette] Block with Error flag won't be saved to color palette: BlockMD [appliedenergistics2:tile.SkyStoneStairBlock:0] (Transparency,Error)
[19:10:17] [Client thread/WARN] [ColorPalette] Block with Error flag won't be saved to color palette: BlockMD [appliedenergistics2:tile.BlockQuartzGrowthAccelerator:0] (Transparency,Error)
[19:10:17] [Client thread/WARN] [ColorPalette] Block with Error flag won't be saved to color palette: BlockMD [appliedenergistics2:tile.BlockQuartzGlass:0] (OpenToSky,Transparency,Error,TransparentRoof)
[19:10:17] [Client thread/WARN] [ColorPalette] Block with Error flag won't be saved to color palette: BlockMD [ThaumicHorizons:lightSolar:0] (Transparency,Error)
[19:10:17] [Client thread/WARN] [ColorPalette] Block with Error flag won't be saved to color palette: BlockMD [appliedenergistics2:tile.BlockController:0] (Transparency,Error)
[19:10:17] [Client thread/WARN] [ColorPalette] Block with Error flag won't be saved to color palette: BlockMD [Thaumcraft:blockEldritchNothing:0] (Transparency,Error)
[19:10:17] [Client thread/WARN] [ColorPalette] Block with Error flag won't be saved to color palette: BlockMD [insane_IlluminatedBows:nitorColour:0] (Transparency,Error)
[19:10:17] [Client thread/WARN] [ColorPalette] Block with Error flag won't be saved to color palette: BlockMD [appliedenergistics2:tile.BlockSpatialIOPort:0] (Transparency,Error)
[19:10:17] [Client thread/WARN] [ColorPalette] Block with Error flag won't be saved to color palette: BlockMD [AWWayofTime:bloodLight:0] (Transparency,Error)
[19:10:17] [Client thread/WARN] [ColorPalette] Block with Error flag won't be saved to color palette: BlockMD [appliedenergistics2:tile.BlockLightDetector:0] (Transparency,Error)
[19:10:17] [Client thread/WARN] [ColorPalette] Block with Error flag won't be saved to color palette: BlockMD [appliedenergistics2:tile.ChiseledQuartzStairBlock:0] (Transparency,Error)
[19:10:17] [Client thread/WARN] [ColorPalette] Block with Error flag won't be saved to color palette: BlockMD [appliedenergistics2:tile.BlockQuartzChiseled:0] (Transparency,Error)
[19:10:17] [Client thread/WARN] [ColorPalette] Block with Error flag won't be saved to color palette: BlockMD [appliedenergistics2:tile.BlockVibrationChamber:0] (Transparency,Error)
[19:10:17] [Client thread/WARN] [ColorPalette] Block with Error flag won't be saved to color palette: BlockMD [appliedenergistics2:tile.BlockQuantumRing:0] (Transparency,Error)
[19:10:17] [Client thread/WARN] [ColorPalette] Block with Error flag won't be saved to color palette: BlockMD [appliedenergistics2:tile.OreQuartzCharged:0] (Transparency,Error)
[19:10:17] [Client thread/WARN] [ColorPalette] Block with Error flag won't be saved to color palette: BlockMD [Botania:buriedPetals:0] (NoShadow,Transparency,Error,Plant,NoTopo)
[19:10:17] [Client thread/WARN] [ColorPalette] Block with Error flag won't be saved to color palette: BlockMD [Botania:buriedPetals:2] (NoShadow,Transparency,Error,Plant,NoTopo)
[19:10:17] [Client thread/WARN] [ColorPalette] Block with Error flag won't be saved to color palette: BlockMD [Botania:buriedPetals:1] (NoShadow,Transparency,Error,Plant,NoTopo)
[19:10:17] [Client thread/WARN] [ColorPalette] Block with Error flag won't be saved to color palette: BlockMD [Botania:buriedPetals:4] (NoShadow,Transparency,Error,Plant,NoTopo)
[19:10:17] [Client thread/WARN] [ColorPalette] Block with Error flag won't be saved to color palette: BlockMD [Botania:buriedPetals:3] (NoShadow,Transparency,Error,Plant,NoTopo)
[19:10:17] [Client thread/WARN] [ColorPalette] Block with Error flag won't be saved to color palette: BlockMD [Botania:buriedPetals:6] (NoShadow,Transparency,Error,Plant,NoTopo)
[19:10:17] [Client thread/WARN] [ColorPalette] Block with Error flag won't be saved to color palette: BlockMD [Botania:buriedPetals:5] (NoShadow,Transparency,Error,Plant,NoTopo)
[19:10:17] [Client thread/WARN] [ColorPalette] Block with Error flag won't be saved to color palette: BlockMD [Botania:buriedPetals:8] (NoShadow,Transparency,Error,Plant,NoTopo)
[19:10:17] [Client thread/WARN] [ColorPalette] Block with Error flag won't be saved to color palette: BlockMD [Botania:buriedPetals:7] (NoShadow,Transparency,Error,Plant,NoTopo)
[19:10:17] [Client thread/WARN] [ColorPalette] Block with Error flag won't be saved to color palette: BlockMD [Botania:buriedPetals:10] (NoShadow,Transparency,Error,Plant,NoTopo)
[19:10:17] [Client thread/WARN] [ColorPalette] Block with Error flag won't be saved to color palette: BlockMD [Botania:buriedPetals:9] (NoShadow,Transparency,Error,Plant,NoTopo)
[19:10:17] [Client thread/WARN] [ColorPalette] Block with Error flag won't be saved to color palette: BlockMD [Botania:buriedPetals:12] (NoShadow,Transparency,Error,Plant,NoTopo)
[19:10:17] [Client thread/WARN] [ColorPalette] Block with Error flag won't be saved to color palette: BlockMD [Botania:buriedPetals:11] (NoShadow,Transparency,Error,Plant,NoTopo)
[19:10:17] [Client thread/WARN] [ColorPalette] Block with Error flag won't be saved to color palette: BlockMD [Botania:buriedPetals:14] (NoShadow,Transparency,Error,Plant,NoTopo)
[19:10:17] [Client thread/WARN] [ColorPalette] Block with Error flag won't be saved to color palette: BlockMD [Botania:buriedPetals:13] (NoShadow,Transparency,Error,Plant,NoTopo)
[19:10:17] [Client thread/WARN] [ColorPalette] Block with Error flag won't be saved to color palette: BlockMD [Botania:buriedPetals:15] (NoShadow,Transparency,Error,Plant,NoTopo)
[19:10:17] [Client thread/WARN] [ColorPalette] Block with Error flag won't be saved to color palette: BlockMD [WitchingGadgets:WG_CustomAir:0] (Transparency,Error)
[19:10:17] [Client thread/WARN] [ColorPalette] Block with Error flag won't be saved to color palette: BlockMD [Thaumcraft:blockPortalEldritch:0] (Transparency,Error)
[19:10:17] [Client thread/WARN] [ColorPalette] Block with Error flag won't be saved to color palette: BlockMD [appliedenergistics2:tile.BlockTinyTNT:0] (Transparency,Error)
[19:10:17] [Client thread/WARN] [ColorPalette] Block with Error flag won't be saved to color palette: BlockMD [appliedenergistics2:tile.BlockCondenser:0] (Transparency,Error)
[19:10:17] [Client thread/INFO] [ColorPalette] Color palette file generated with 1604 colors in 375ms for: C:\Users\Administrator\Desktop\[1.7.10消风整合元素世纪v1.0\.minecraft\journeymap\colorpalette.json
[19:11:10] [Client thread/INFO] [WaypointStore] Loaded 0 waypoints from C:\Users\Administrator\Desktop\[1.7.10消风整合元素世纪v1.0\.minecraft\journeymap\data\sp\新的世界\waypoints
[19:11:10] [Client thread/INFO] [JourneymapClient] Mapping started in C:\Users\Administrator\Desktop\[1.7.10消风整合元素世纪v1.0\.minecraft\journeymap\data\sp\新的世界\DIM0. Memory: 801MB total, 285MB free 
[19:11:21] [Client thread/INFO] [ChatLog] JourneyMap: 按下[J]键
[19:20:26] [Client thread/WARN] [FileHandler] Icon Set asset not found: /assets/journeymap/icon/entity/2D/arsmagica2/textures/mobs/bosses/plant_guardian.png
[19:21:22] [Client thread/WARN] [FileHandler] Icon Set asset not found: /assets/journeymap/icon/entity/2D/arsmagica2/textures/mobs/bosses/ice_guardian.png
[19:22:35] [Client thread/WARN] [FileHandler] Icon Set asset not found: /assets/journeymap/icon/entity/2D/witchery/textures/entities/covenwitch2.png
[19:22:45] [Client thread/INFO] [JourneymapClient] Mapping halted in C:\Users\Administrator\Desktop\[1.7.10消风整合元素世纪v1.0\.minecraft\journeymap\data\sp\新的世界\DIM0
