[19:38:54][FINE][noppes.npcs.enchants.EnchantInterface:49] Sun Dec 18 19:38:54 CST 2016
[19:38:54][SEVERE][noppes.npcs.CustomNpcs:173] java.lang.IllegalArgumentException: Duplicate enchantment id! class noppes.npcs.enchants.EnchantPoison and class evilcraft.enchantment.EnchantmentBreaking Enchantment ID:101
	at net.minecraft.enchantment.Enchantment.<init>(Enchantment.java:53)
	at noppes.npcs.enchants.EnchantInterface.<init>(EnchantInterface.java:24)
	at noppes.npcs.enchants.EnchantPoison.<init>(EnchantPoison.java:9)
	at noppes.npcs.enchants.EnchantInterface.load(EnchantInterface.java:44)
	at noppes.npcs.CustomNpcs.load(CustomNpcs.java:173)
	at sun.reflect.NativeMethodAccessorImpl.invoke0(Native Method)
	at sun.reflect.NativeMethodAccessorImpl.invoke(Unknown Source)
	at sun.reflect.DelegatingMethodAccessorImpl.invoke(Unknown Source)
	at java.lang.reflect.Method.invoke(Unknown Source)
	at cpw.mods.fml.common.FMLModContainer.handleModStateEvent(FMLModContainer.java:532)
	at sun.reflect.GeneratedMethodAccessor3.invoke(Unknown Source)
	at sun.reflect.DelegatingMethodAccessorImpl.invoke(Unknown Source)
	at java.lang.reflect.Method.invoke(Unknown Source)
	at com.google.common.eventbus.EventSubscriber.handleEvent(EventSubscriber.java:74)
	at com.google.common.eventbus.SynchronizedEventSubscriber.handleEvent(SynchronizedEventSubscriber.java:47)
	at com.google.common.eventbus.EventBus.dispatch(EventBus.java:322)
	at com.google.common.eventbus.EventBus.dispatchQueuedEvents(EventBus.java:304)
	at com.google.common.eventbus.EventBus.post(EventBus.java:275)
	at cpw.mods.fml.common.LoadController.sendEventToModContainer(LoadController.java:212)
	at cpw.mods.fml.common.LoadController.propogateStateMessage(LoadController.java:190)
	at sun.reflect.NativeMethodAccessorImpl.invoke0(Native Method)
	at sun.reflect.NativeMethodAccessorImpl.invoke(Unknown Source)
	at sun.reflect.DelegatingMethodAccessorImpl.invoke(Unknown Source)
	at java.lang.reflect.Method.invoke(Unknown Source)
	at com.google.common.eventbus.EventSubscriber.handleEvent(EventSubscriber.java:74)
	at com.google.common.eventbus.SynchronizedEventSubscriber.handleEvent(SynchronizedEventSubscriber.java:47)
	at com.google.common.eventbus.EventBus.dispatch(EventBus.java:322)
	at com.google.common.eventbus.EventBus.dispatchQueuedEvents(EventBus.java:304)
	at com.google.common.eventbus.EventBus.post(EventBus.java:275)
	at cpw.mods.fml.common.LoadController.distributeStateMessage(LoadController.java:119)
	at cpw.mods.fml.common.Loader.preinitializeMods(Loader.java:556)
	at cpw.mods.fml.client.FMLClientHandler.beginMinecraftLoading(FMLClientHandler.java:243)
	at net.minecraft.client.Minecraft.func_71384_a(Unknown Source)
	at net.minecraft.client.Minecraft.func_99999_d(Unknown Source)
	at net.minecraft.client.main.Main.main(SourceFile:148)
	at sun.reflect.NativeMethodAccessorImpl.invoke0(Native Method)
	at sun.reflect.NativeMethodAccessorImpl.invoke(Unknown Source)
	at sun.reflect.DelegatingMethodAccessorImpl.invoke(Unknown Source)
	at java.lang.reflect.Method.invoke(Unknown Source)
	at net.minecraft.launchwrapper.Launch.launch(Launch.java:135)
	at net.minecraft.launchwrapper.Launch.main(Launch.java:28)
	at sun.reflect.NativeMethodAccessorImpl.invoke0(Native Method)
	at sun.reflect.NativeMethodAccessorImpl.invoke(Unknown Source)
	at sun.reflect.DelegatingMethodAccessorImpl.invoke(Unknown Source)
	at java.lang.reflect.Method.invoke(Unknown Source)
	at org.jackhuang.hellominecraft.launcher.Launcher.main(Launcher.java:114)
[19:38:56][FINE][noppes.npcs.CustomNpcs:180] Script Engines Available:
[19:38:56][FINE][noppes.npcs.CustomNpcs:180] ECMAScript: .js
[19:40:04][FINE][noppes.npcs.controllers.LinkedNpcController:29] Loading Linked Npcs
[19:40:04][FINE][noppes.npcs.controllers.LinkedNpcController:29] Done loading Linked Npcs
[19:40:07][FINE][noppes.npcs.controllers.DialogController:27] Loading Dialogs
[19:40:07][FINE][noppes.npcs.controllers.DialogController:27] Done loading Dialogs
[19:51:40][FINE][noppes.npcs.controllers.LinkedNpcController:29] Loading Linked Npcs
[19:51:40][FINE][noppes.npcs.controllers.LinkedNpcController:29] Done loading Linked Npcs
[19:52:28][FINE][noppes.npcs.controllers.DialogController:27] Loading Dialogs
[19:52:28][FINE][noppes.npcs.controllers.DialogController:27] Done loading Dialogs
[19:54:57][FINE][noppes.npcs.controllers.LinkedNpcController:29] Loading Linked Npcs
[19:54:57][FINE][noppes.npcs.controllers.LinkedNpcController:29] Done loading Linked Npcs
[19:55:47][FINE][noppes.npcs.controllers.DialogController:27] Loading Dialogs
[19:55:47][FINE][noppes.npcs.controllers.DialogController:27] Done loading Dialogs
[20:23:52][FINE][noppes.npcs.controllers.LinkedNpcController:29] Loading Linked Npcs
[20:23:52][FINE][noppes.npcs.controllers.LinkedNpcController:29] Done loading Linked Npcs
[20:23:54][FINE][noppes.npcs.controllers.DialogController:27] Loading Dialogs
[20:23:54][FINE][noppes.npcs.controllers.DialogController:27] Done loading Dialogs
[21:07:47][FINE][noppes.npcs.controllers.LinkedNpcController:29] Loading Linked Npcs
[21:07:47][FINE][noppes.npcs.controllers.LinkedNpcController:29] Done loading Linked Npcs
[21:07:50][FINE][noppes.npcs.controllers.DialogController:27] Loading Dialogs
[21:07:50][FINE][noppes.npcs.controllers.DialogController:27] Done loading Dialogs
[21:23:08][FINE][noppes.npcs.controllers.LinkedNpcController:29] Loading Linked Npcs
[21:23:08][FINE][noppes.npcs.controllers.LinkedNpcController:29] Done loading Linked Npcs
[21:23:10][FINE][noppes.npcs.controllers.DialogController:27] Loading Dialogs
[21:23:10][FINE][noppes.npcs.controllers.DialogController:27] Done loading Dialogs
