[21:25:50] [Client thread/INFO] [bsu]: Setting user: Yixixi
[21:25:50] [Client thread/INFO] [bsu]: (Session ID is token:645a46ff8a5f39037e5b3677a9f6d0c9:645a46ff8a5f39037e5b3677a9f6d0c9)
[21:25:56] [Client thread/INFO] [bsu]: LWJGL Version: 2.9.1
[21:25:57] [Client thread/INFO] [cvt]: Reloading ResourceManager: Default
[21:25:59] [Sound Library Loader/INFO] [cza]: Starting up SoundSystem...
[21:25:59] [Thread-5/INFO] [cza]: Initializing LWJGL OpenAL
[21:25:59] [Thread-5/INFO] [cza]: (The LWJGL binding of OpenAL.  For more information, see http://www.lwjgl.org)
[21:26:00] [Thread-5/INFO] [cza]: OpenAL initialized.
[21:26:00] [Sound Library Loader/INFO] [cza]: Sound engine started
[16:54:32] [main/INFO] [bao]: Setting user: xiao_zhe
[16:54:32] [main/INFO] [bao]: (Session ID is token:645a46ff8a5f39037e5b3677a9f6d0c9:645a46ff8a5f39037e5b3677a9f6d0c9)
[16:54:34] [Client thread/INFO] [bao]: LWJGL Version: 2.9.1
[16:54:35] [Client thread/INFO] [brg]: Reloading ResourceManager: Default
[16:54:35] [Client thread/DEBUG] [btp]: Registered/replaced new sound event location minecraft:ambient.cave.cave
[16:54:35] [Client thread/DEBUG] [btp]: Registered/replaced new sound event location minecraft:ambient.weather.rain
[16:54:36] [Client thread/DEBUG] [btp]: Registered/replaced new sound event location minecraft:ambient.weather.thunder
[16:54:36] [Client thread/DEBUG] [btp]: Registered/replaced new sound event location minecraft:game.player.hurt.fall.big
[16:54:36] [Client thread/DEBUG] [btp]: Registered/replaced new sound event location minecraft:game.player.hurt.fall.small
[16:54:36] [Client thread/DEBUG] [btp]: Registered/replaced new sound event location minecraft:game.neutral.hurt.fall.big
[16:54:36] [Client thread/DEBUG] [btp]: Registered/replaced new sound event location minecraft:game.neutral.hurt.fall.small
[16:54:36] [Client thread/DEBUG] [btp]: Registered/replaced new sound event location minecraft:game.hostile.hurt.fall.big
[16:54:36] [Client thread/DEBUG] [btp]: Registered/replaced new sound event location minecraft:game.hostile.hurt.fall.small
[16:54:36] [Client thread/DEBUG] [btp]: Registered/replaced new sound event location minecraft:game.player.hurt
[16:54:36] [Client thread/DEBUG] [btp]: Registered/replaced new sound event location minecraft:game.neutral.hurt
[16:54:36] [Client thread/DEBUG] [btp]: Registered/replaced new sound event location minecraft:game.hostile.hurt
[16:54:36] [Client thread/DEBUG] [btp]: Registered/replaced new sound event location minecraft:game.player.die
[16:54:36] [Client thread/DEBUG] [btp]: Registered/replaced new sound event location minecraft:game.neutral.die
[16:54:36] [Client thread/DEBUG] [btp]: Registered/replaced new sound event location minecraft:game.hostile.die
[16:54:36] [Client thread/DEBUG] [btp]: Registered/replaced new sound event location minecraft:dig.cloth
[16:54:36] [Client thread/DEBUG] [btp]: Registered/replaced new sound event location minecraft:dig.grass
[16:54:36] [Client thread/DEBUG] [btp]: Registered/replaced new sound event location minecraft:dig.gravel
[16:54:36] [Client thread/DEBUG] [btp]: Registered/replaced new sound event location minecraft:dig.sand
[16:54:36] [Client thread/DEBUG] [btp]: Registered/replaced new sound event location minecraft:dig.snow
[16:54:36] [Client thread/DEBUG] [btp]: Registered/replaced new sound event location minecraft:dig.stone
[16:54:36] [Client thread/DEBUG] [btp]: Registered/replaced new sound event location minecraft:dig.wood
[16:54:36] [Client thread/DEBUG] [btp]: Registered/replaced new sound event location minecraft:fire.fire
[16:54:36] [Client thread/DEBUG] [btp]: Registered/replaced new sound event location minecraft:fire.ignite
[16:54:36] [Client thread/DEBUG] [btp]: Registered/replaced new sound event location minecraft:fireworks.blast
[16:54:36] [Client thread/DEBUG] [btp]: Registered/replaced new sound event location minecraft:fireworks.blast_far
[16:54:36] [Client thread/DEBUG] [btp]: Registered/replaced new sound event location minecraft:fireworks.largeBlast
[16:54:36] [Client thread/DEBUG] [btp]: Registered/replaced new sound event location minecraft:fireworks.largeBlast_far
[16:54:36] [Client thread/DEBUG] [btp]: Registered/replaced new sound event location minecraft:fireworks.launch
[16:54:36] [Client thread/DEBUG] [btp]: Registered/replaced new sound event location minecraft:fireworks.twinkle
[16:54:36] [Client thread/DEBUG] [btp]: Registered/replaced new sound event location minecraft:fireworks.twinkle_far
[16:54:36] [Client thread/DEBUG] [btp]: Registered/replaced new sound event location minecraft:liquid.lava
[16:54:36] [Client thread/DEBUG] [btp]: Registered/replaced new sound event location minecraft:liquid.lavapop
[16:54:36] [Client thread/DEBUG] [btp]: Registered/replaced new sound event location minecraft:game.neutral.swim.splash
[16:54:36] [Client thread/DEBUG] [btp]: Registered/replaced new sound event location minecraft:game.player.swim.splash
[16:54:36] [Client thread/DEBUG] [btp]: Registered/replaced new sound event location minecraft:game.hostile.swim.splash
[16:54:36] [Client thread/DEBUG] [btp]: Registered/replaced new sound event location minecraft:game.player.swim
[16:54:36] [Client thread/DEBUG] [btp]: Registered/replaced new sound event location minecraft:game.neutral.swim
[16:54:36] [Client thread/DEBUG] [btp]: Registered/replaced new sound event location minecraft:game.hostile.swim
[16:54:36] [Client thread/DEBUG] [btp]: Registered/replaced new sound event location minecraft:liquid.water
[16:54:36] [Client thread/DEBUG] [btp]: Registered/replaced new sound event location minecraft:minecart.base
[16:54:36] [Client thread/DEBUG] [btp]: Registered/replaced new sound event location minecraft:minecart.inside
[16:54:36] [Client thread/DEBUG] [btp]: Registered/replaced new sound event location minecraft:mob.bat.death
[16:54:36] [Client thread/DEBUG] [btp]: Registered/replaced new sound event location minecraft:mob.bat.hurt
[16:54:36] [Client thread/DEBUG] [btp]: Registered/replaced new sound event location minecraft:mob.bat.idle
[16:54:36] [Client thread/DEBUG] [btp]: Registered/replaced new sound event location minecraft:mob.bat.loop
[16:54:36] [Client thread/DEBUG] [btp]: Registered/replaced new sound event location minecraft:mob.bat.takeoff
[16:54:36] [Client thread/DEBUG] [btp]: Registered/replaced new sound event location minecraft:mob.blaze.breathe
[16:54:36] [Client thread/DEBUG] [btp]: Registered/replaced new sound event location minecraft:mob.blaze.death
[16:54:36] [Client thread/DEBUG] [btp]: Registered/replaced new sound event location minecraft:mob.blaze.hit
[16:54:36] [Client thread/DEBUG] [btp]: Registered/replaced new sound event location minecraft:mob.cat.hiss
[16:54:36] [Client thread/DEBUG] [btp]: Registered/replaced new sound event location minecraft:mob.cat.hitt
[16:54:36] [Client thread/DEBUG] [btp]: Registered/replaced new sound event location minecraft:mob.cat.meow
[16:54:36] [Client thread/DEBUG] [btp]: Registered/replaced new sound event location minecraft:mob.cat.purr
[16:54:36] [Client thread/DEBUG] [btp]: Registered/replaced new sound event location minecraft:mob.cat.purreow
[16:54:36] [Client thread/DEBUG] [btp]: Registered/replaced new sound event location minecraft:mob.chicken.hurt
[16:54:36] [Client thread/DEBUG] [btp]: Registered/replaced new sound event location minecraft:mob.chicken.plop
[16:54:36] [Client thread/DEBUG] [btp]: Registered/replaced new sound event location minecraft:mob.chicken.say
[16:54:36] [Client thread/DEBUG] [btp]: Registered/replaced new sound event location minecraft:mob.chicken.step
[16:54:36] [Client thread/DEBUG] [btp]: Registered/replaced new sound event location minecraft:mob.cow.hurt
[16:54:36] [Client thread/DEBUG] [btp]: Registered/replaced new sound event location minecraft:mob.cow.say
[16:54:36] [Client thread/DEBUG] [btp]: Registered/replaced new sound event location minecraft:mob.cow.step
[16:54:36] [Client thread/DEBUG] [btp]: Registered/replaced new sound event location minecraft:mob.creeper.death
[16:54:36] [Client thread/DEBUG] [btp]: Registered/replaced new sound event location minecraft:mob.creeper.say
[16:54:36] [Client thread/DEBUG] [btp]: Registered/replaced new sound event location minecraft:mob.enderdragon.end
[16:54:36] [Client thread/DEBUG] [btp]: Registered/replaced new sound event location minecraft:mob.enderdragon.growl
[16:54:36] [Client thread/DEBUG] [btp]: Registered/replaced new sound event location minecraft:mob.enderdragon.hit
[16:54:36] [Client thread/DEBUG] [btp]: Registered/replaced new sound event location minecraft:mob.enderdragon.wings
[16:54:36] [Client thread/DEBUG] [btp]: Registered/replaced new sound event location minecraft:mob.endermen.death
[16:54:36] [Client thread/DEBUG] [btp]: Registered/replaced new sound event location minecraft:mob.endermen.hit
[16:54:36] [Client thread/DEBUG] [btp]: Registered/replaced new sound event location minecraft:mob.endermen.idle
[16:54:36] [Client thread/DEBUG] [btp]: Registered/replaced new sound event location minecraft:mob.endermen.portal
[16:54:36] [Client thread/DEBUG] [btp]: Registered/replaced new sound event location minecraft:mob.endermen.scream
[16:54:36] [Client thread/DEBUG] [btp]: Registered/replaced new sound event location minecraft:mob.endermen.stare
[16:54:36] [Client thread/DEBUG] [btp]: Registered/replaced new sound event location minecraft:mob.ghast.affectionate_scream
[16:54:36] [Client thread/DEBUG] [btp]: Registered/replaced new sound event location minecraft:mob.ghast.charge
[16:54:36] [Client thread/DEBUG] [btp]: Registered/replaced new sound event location minecraft:mob.ghast.death
[16:54:36] [Client thread/DEBUG] [btp]: Registered/replaced new sound event location minecraft:mob.ghast.fireball
[16:54:36] [Client thread/DEBUG] [btp]: Registered/replaced new sound event location minecraft:mob.ghast.moan
[16:54:36] [Client thread/DEBUG] [btp]: Registered/replaced new sound event location minecraft:mob.ghast.scream
[16:54:36] [Client thread/DEBUG] [btp]: Registered/replaced new sound event location minecraft:mob.horse.angry
[16:54:36] [Client thread/DEBUG] [btp]: Registered/replaced new sound event location minecraft:mob.horse.armor
[16:54:36] [Client thread/DEBUG] [btp]: Registered/replaced new sound event location minecraft:mob.horse.breathe
[16:54:36] [Client thread/DEBUG] [btp]: Registered/replaced new sound event location minecraft:mob.horse.death
[16:54:36] [Client thread/DEBUG] [btp]: Registered/replaced new sound event location minecraft:mob.horse.donkey.angry
[16:54:36] [Client thread/DEBUG] [btp]: Registered/replaced new sound event location minecraft:mob.horse.donkey.death
[16:54:36] [Client thread/DEBUG] [btp]: Registered/replaced new sound event location minecraft:mob.horse.donkey.hit
[16:54:36] [Client thread/DEBUG] [btp]: Registered/replaced new sound event location minecraft:mob.horse.donkey.idle
[16:54:36] [Client thread/DEBUG] [btp]: Registered/replaced new sound event location minecraft:mob.horse.gallop
[16:54:36] [Client thread/DEBUG] [btp]: Registered/replaced new sound event location minecraft:mob.horse.hit
[16:54:36] [Client thread/DEBUG] [btp]: Registered/replaced new sound event location minecraft:mob.horse.idle
[16:54:36] [Client thread/DEBUG] [btp]: Registered/replaced new sound event location minecraft:mob.horse.jump
[16:54:36] [Client thread/DEBUG] [btp]: Registered/replaced new sound event location minecraft:mob.horse.land
[16:54:36] [Client thread/DEBUG] [btp]: Registered/replaced new sound event location minecraft:mob.horse.leather
[16:54:36] [Client thread/DEBUG] [btp]: Registered/replaced new sound event location minecraft:mob.horse.skeleton.death
[16:54:36] [Client thread/DEBUG] [btp]: Registered/replaced new sound event location minecraft:mob.horse.skeleton.hit
[16:54:36] [Client thread/DEBUG] [btp]: Registered/replaced new sound event location minecraft:mob.horse.skeleton.idle
[16:54:36] [Client thread/DEBUG] [btp]: Registered/replaced new sound event location minecraft:mob.horse.soft
[16:54:36] [Client thread/DEBUG] [btp]: Registered/replaced new sound event location minecraft:mob.horse.wood
[16:54:36] [Client thread/DEBUG] [btp]: Registered/replaced new sound event location minecraft:mob.horse.zombie.death
[16:54:36] [Client thread/DEBUG] [btp]: Registered/replaced new sound event location minecraft:mob.horse.zombie.hit
[16:54:36] [Client thread/DEBUG] [btp]: Registered/replaced new sound event location minecraft:mob.horse.zombie.idle
[16:54:36] [Client thread/DEBUG] [btp]: Registered/replaced new sound event location minecraft:mob.irongolem.death
[16:54:36] [Client thread/DEBUG] [btp]: Registered/replaced new sound event location minecraft:mob.irongolem.hit
[16:54:36] [Client thread/DEBUG] [btp]: Registered/replaced new sound event location minecraft:mob.irongolem.throw
[16:54:36] [Client thread/DEBUG] [btp]: Registered/replaced new sound event location minecraft:mob.irongolem.walk
[16:54:36] [Client thread/DEBUG] [btp]: Registered/replaced new sound event location minecraft:mob.magmacube.big
[16:54:36] [Client thread/DEBUG] [btp]: Registered/replaced new sound event location minecraft:mob.magmacube.jump
[16:54:36] [Client thread/DEBUG] [btp]: Registered/replaced new sound event location minecraft:mob.magmacube.small
[16:54:36] [Sound Library Loader/INFO] [btj]: Sound engine started
[16:54:36] [Client thread/DEBUG] [btp]: Registered/replaced new sound event location minecraft:mob.pig.death
[16:54:36] [Client thread/DEBUG] [btp]: Registered/replaced new sound event location minecraft:mob.pig.say
[16:54:36] [Client thread/DEBUG] [btp]: Registered/replaced new sound event location minecraft:mob.pig.step
[16:54:36] [Client thread/DEBUG] [btp]: Registered/replaced new sound event location minecraft:mob.sheep.say
[16:54:36] [Client thread/DEBUG] [btp]: Registered/replaced new sound event location minecraft:mob.sheep.shear
[16:54:36] [Client thread/DEBUG] [btp]: Registered/replaced new sound event location minecraft:mob.sheep.step
[16:54:36] [Client thread/DEBUG] [btp]: Registered/replaced new sound event location minecraft:mob.silverfish.hit
[16:54:36] [Client thread/DEBUG] [btp]: Registered/replaced new sound event location minecraft:mob.silverfish.kill
[16:54:36] [Client thread/DEBUG] [btp]: Registered/replaced new sound event location minecraft:mob.silverfish.say
[16:54:36] [Client thread/DEBUG] [btp]: Registered/replaced new sound event location minecraft:mob.silverfish.step
[16:54:36] [Client thread/DEBUG] [btp]: Registered/replaced new sound event location minecraft:mob.skeleton.death
[16:54:36] [Client thread/DEBUG] [btp]: Registered/replaced new sound event location minecraft:mob.skeleton.hurt
[16:54:36] [Client thread/DEBUG] [btp]: Registered/replaced new sound event location minecraft:mob.skeleton.say
[16:54:36] [Client thread/DEBUG] [btp]: Registered/replaced new sound event location minecraft:mob.skeleton.step
[16:54:36] [Client thread/DEBUG] [btp]: Registered/replaced new sound event location minecraft:mob.slime.attack
[16:54:36] [Client thread/DEBUG] [btp]: Registered/replaced new sound event location minecraft:mob.slime.big
[16:54:36] [Client thread/DEBUG] [btp]: Registered/replaced new sound event location minecraft:mob.slime.small
[16:54:36] [Client thread/DEBUG] [btp]: Registered/replaced new sound event location minecraft:mob.spider.death
[16:54:36] [Client thread/DEBUG] [btp]: Registered/replaced new sound event location minecraft:mob.spider.say
[16:54:36] [Client thread/DEBUG] [btp]: Registered/replaced new sound event location minecraft:mob.spider.step
[16:54:36] [Client thread/DEBUG] [btp]: Registered/replaced new sound event location minecraft:mob.villager.death
[16:54:36] [Client thread/DEBUG] [btp]: Registered/replaced new sound event location minecraft:mob.villager.haggle
[16:54:36] [Client thread/DEBUG] [btp]: Registered/replaced new sound event location minecraft:mob.villager.hit
[16:54:36] [Client thread/DEBUG] [btp]: Registered/replaced new sound event location minecraft:mob.villager.idle
[16:54:36] [Client thread/DEBUG] [btp]: Registered/replaced new sound event location minecraft:mob.villager.no
[16:54:36] [Client thread/DEBUG] [btp]: Registered/replaced new sound event location minecraft:mob.villager.yes
[16:54:36] [Client thread/DEBUG] [btp]: Registered/replaced new sound event location minecraft:mob.wither.death
[16:54:36] [Client thread/DEBUG] [btp]: Registered/replaced new sound event location minecraft:mob.wither.hurt
[16:54:36] [Client thread/DEBUG] [btp]: Registered/replaced new sound event location minecraft:mob.wither.idle
[16:54:36] [Client thread/DEBUG] [btp]: Registered/replaced new sound event location minecraft:mob.wither.shoot
[16:54:36] [Client thread/DEBUG] [btp]: Registered/replaced new sound event location minecraft:mob.wither.spawn
[16:54:36] [Client thread/DEBUG] [btp]: Registered/replaced new sound event location minecraft:mob.wolf.bark
[16:54:36] [Client thread/DEBUG] [btp]: Registered/replaced new sound event location minecraft:mob.wolf.death
[16:54:36] [Client thread/DEBUG] [btp]: Registered/replaced new sound event location minecraft:mob.wolf.growl
[16:54:36] [Client thread/DEBUG] [btp]: Registered/replaced new sound event location minecraft:mob.wolf.howl
[16:54:36] [Client thread/DEBUG] [btp]: Registered/replaced new sound event location minecraft:mob.wolf.hurt
[16:54:36] [Client thread/DEBUG] [btp]: Registered/replaced new sound event location minecraft:mob.wolf.panting
[16:54:36] [Client thread/DEBUG] [btp]: Registered/replaced new sound event location minecraft:mob.wolf.shake
[16:54:36] [Client thread/DEBUG] [btp]: Registered/replaced new sound event location minecraft:mob.wolf.step
[16:54:36] [Client thread/DEBUG] [btp]: Registered/replaced new sound event location minecraft:mob.wolf.whine
[16:54:36] [Client thread/DEBUG] [btp]: Registered/replaced new sound event location minecraft:mob.zombie.death
[16:54:36] [Client thread/DEBUG] [btp]: Registered/replaced new sound event location minecraft:mob.zombie.hurt
[16:54:36] [Client thread/DEBUG] [btp]: Registered/replaced new sound event location minecraft:mob.zombie.infect
[16:54:36] [Client thread/DEBUG] [btp]: Registered/replaced new sound event location minecraft:mob.zombie.metal
[16:54:36] [Client thread/DEBUG] [btp]: Registered/replaced new sound event location minecraft:mob.zombie.remedy
[16:54:36] [Client thread/DEBUG] [btp]: Registered/replaced new sound event location minecraft:mob.zombie.say
[16:54:36] [Client thread/DEBUG] [btp]: Registered/replaced new sound event location minecraft:mob.zombie.step
[16:54:36] [Client thread/DEBUG] [btp]: Registered/replaced new sound event location minecraft:mob.zombie.unfect
[16:54:36] [Client thread/DEBUG] [btp]: Registered/replaced new sound event location minecraft:mob.zombie.wood
[16:54:36] [Client thread/DEBUG] [btp]: Registered/replaced new sound event location minecraft:mob.zombie.woodbreak
[16:54:36] [Client thread/DEBUG] [btp]: Registered/replaced new sound event location minecraft:mob.zombiepig.zpig
[16:54:36] [Client thread/DEBUG] [btp]: Registered/replaced new sound event location minecraft:mob.zombiepig.zpigangry
[16:54:36] [Client thread/DEBUG] [btp]: Registered/replaced new sound event location minecraft:mob.zombiepig.zpigdeath
[16:54:36] [Client thread/DEBUG] [btp]: Registered/replaced new sound event location minecraft:mob.zombiepig.zpighurt
[16:54:36] [Client thread/DEBUG] [btp]: Registered/replaced new sound event location minecraft:note.bass
[16:54:36] [Client thread/DEBUG] [btp]: Registered/replaced new sound event location minecraft:note.bassattack
[16:54:36] [Client thread/DEBUG] [btp]: Registered/replaced new sound event location minecraft:note.bd
[16:54:36] [Client thread/DEBUG] [btp]: Registered/replaced new sound event location minecraft:note.harp
[16:54:36] [Client thread/DEBUG] [btp]: Registered/replaced new sound event location minecraft:note.hat
[16:54:36] [Client thread/DEBUG] [btp]: Registered/replaced new sound event location minecraft:note.pling
[16:54:36] [Client thread/DEBUG] [btp]: Registered/replaced new sound event location minecraft:note.snare
[16:54:36] [Client thread/DEBUG] [btp]: Registered/replaced new sound event location minecraft:portal.portal
[16:54:36] [Client thread/DEBUG] [btp]: Registered/replaced new sound event location minecraft:portal.travel
[16:54:36] [Client thread/DEBUG] [btp]: Registered/replaced new sound event location minecraft:portal.trigger
[16:54:36] [Client thread/DEBUG] [btp]: Registered/replaced new sound event location minecraft:random.anvil_break
[16:54:36] [Client thread/DEBUG] [btp]: Registered/replaced new sound event location minecraft:random.anvil_land
[16:54:36] [Client thread/DEBUG] [btp]: Registered/replaced new sound event location minecraft:random.anvil_use
[16:54:36] [Client thread/DEBUG] [btp]: Registered/replaced new sound event location minecraft:random.bow
[16:54:36] [Client thread/DEBUG] [btp]: Registered/replaced new sound event location minecraft:random.bowhit
[16:54:37] [Client thread/DEBUG] [btp]: Registered/replaced new sound event location minecraft:random.break
[16:54:37] [Client thread/DEBUG] [btp]: Registered/replaced new sound event location minecraft:random.burp
[16:54:37] [Client thread/DEBUG] [btp]: Registered/replaced new sound event location minecraft:random.chestclosed
[16:54:37] [Client thread/DEBUG] [btp]: Registered/replaced new sound event location minecraft:random.chestopen
[16:54:37] [Client thread/DEBUG] [btp]: Registered/replaced new sound event location minecraft:gui.button.press
[16:54:37] [Client thread/DEBUG] [btp]: Registered/replaced new sound event location minecraft:random.click
[16:54:37] [Client thread/DEBUG] [btp]: Registered/replaced new sound event location minecraft:random.door_close
[16:54:37] [Client thread/DEBUG] [btp]: Registered/replaced new sound event location minecraft:random.door_open
[16:54:37] [Client thread/DEBUG] [btp]: Registered/replaced new sound event location minecraft:random.drink
[16:54:37] [Client thread/DEBUG] [btp]: Registered/replaced new sound event location minecraft:random.eat
[16:54:37] [Client thread/DEBUG] [btp]: Registered/replaced new sound event location minecraft:random.explode
[16:54:37] [Client thread/DEBUG] [btp]: Registered/replaced new sound event location minecraft:random.fizz
[16:54:37] [Client thread/DEBUG] [btp]: Registered/replaced new sound event location minecraft:game.tnt.primed
[16:54:37] [Client thread/DEBUG] [btp]: Registered/replaced new sound event location minecraft:creeper.primed
[16:54:37] [Client thread/DEBUG] [btp]: Registered/replaced new sound event location minecraft:dig.glass
[16:54:37] [Client thread/DEBUG] [btp]: Registered/replaced new sound event location minecraft:game.potion.smash
[16:54:37] [Client thread/DEBUG] [btp]: Registered/replaced new sound event location minecraft:random.levelup
[16:54:37] [Client thread/DEBUG] [btp]: Registered/replaced new sound event location minecraft:random.orb
[16:54:37] [Client thread/DEBUG] [btp]: Registered/replaced new sound event location minecraft:random.pop
[16:54:37] [Client thread/DEBUG] [btp]: Registered/replaced new sound event location minecraft:random.splash
[16:54:37] [Client thread/DEBUG] [btp]: Registered/replaced new sound event location minecraft:random.successful_hit
[16:54:37] [Client thread/DEBUG] [btp]: Registered/replaced new sound event location minecraft:random.wood_click
[16:54:37] [Client thread/DEBUG] [btp]: Registered/replaced new sound event location minecraft:records.11
[16:54:37] [Client thread/DEBUG] [btp]: Registered/replaced new sound event location minecraft:records.13
[16:54:37] [Client thread/DEBUG] [btp]: Registered/replaced new sound event location minecraft:records.blocks
[16:54:37] [Client thread/DEBUG] [btp]: Registered/replaced new sound event location minecraft:records.cat
[16:54:37] [Client thread/DEBUG] [btp]: Registered/replaced new sound event location minecraft:records.chirp
[16:54:37] [Client thread/DEBUG] [btp]: Registered/replaced new sound event location minecraft:records.far
[16:54:37] [Client thread/DEBUG] [btp]: Registered/replaced new sound event location minecraft:records.mall
[16:54:37] [Client thread/DEBUG] [btp]: Registered/replaced new sound event location minecraft:records.mellohi
[16:54:37] [Client thread/DEBUG] [btp]: Registered/replaced new sound event location minecraft:records.stal
[16:54:37] [Client thread/DEBUG] [btp]: Registered/replaced new sound event location minecraft:records.strad
[16:54:37] [Client thread/DEBUG] [btp]: Registered/replaced new sound event location minecraft:records.wait
[16:54:37] [Client thread/DEBUG] [btp]: Registered/replaced new sound event location minecraft:records.ward
[16:54:37] [Client thread/DEBUG] [btp]: Registered/replaced new sound event location minecraft:step.cloth
[16:54:37] [Client thread/DEBUG] [btp]: Registered/replaced new sound event location minecraft:step.grass
[16:54:37] [Client thread/DEBUG] [btp]: Registered/replaced new sound event location minecraft:step.gravel
[16:54:37] [Client thread/DEBUG] [btp]: Registered/replaced new sound event location minecraft:step.ladder
[16:54:37] [Client thread/DEBUG] [btp]: Registered/replaced new sound event location minecraft:step.sand
[16:54:37] [Client thread/DEBUG] [btp]: Registered/replaced new sound event location minecraft:step.snow
[16:54:37] [Client thread/DEBUG] [btp]: Registered/replaced new sound event location minecraft:step.stone
[16:54:37] [Client thread/DEBUG] [btp]: Registered/replaced new sound event location minecraft:step.wood
[16:54:37] [Client thread/DEBUG] [btp]: Registered/replaced new sound event location minecraft:tile.piston.in
[16:54:37] [Client thread/DEBUG] [btp]: Registered/replaced new sound event location minecraft:tile.piston.out
[16:54:37] [Client thread/DEBUG] [btp]: Registered/replaced new sound event location minecraft:music.menu
[16:54:37] [Client thread/DEBUG] [btp]: Registered/replaced new sound event location minecraft:music.game
[16:54:37] [Client thread/DEBUG] [btp]: Registered/replaced new sound event location minecraft:music.game.creative
[16:54:37] [Client thread/DEBUG] [btp]: Registered/replaced new sound event location minecraft:music.game.end
[16:54:37] [Client thread/DEBUG] [btp]: Registered/replaced new sound event location minecraft:music.game.end.dragon
[16:54:37] [Client thread/DEBUG] [btp]: Registered/replaced new sound event location minecraft:music.game.end.credits
[16:54:37] [Client thread/DEBUG] [btp]: Registered/replaced new sound event location minecraft:music.game.nether
[16:54:38] [Client thread/INFO] [bpz]: Created: 512x256 textures/blocks-atlas
[16:54:39] [Client thread/INFO] [bpz]: Created: 256x256 textures/items-atlas
[16:54:40] [Client thread/DEBUG] [buo]: Shutdown streaming
[16:54:40] [Client thread/INFO] [bao]: Stopping!
[22:14:10] [Client thread/INFO] [bsu]: Setting user: Yixixi
[22:14:10] [Client thread/INFO] [bsu]: (Session ID is token:645a46ff8a5f39037e5b3677a9f6d0c9:645a46ff8a5f39037e5b3677a9f6d0c9)
[22:14:13] [Client thread/INFO] [bsu]: LWJGL Version: 2.9.1
[22:14:14] [Client thread/INFO] [cvt]: Reloading ResourceManager: Default
[22:14:15] [Sound Library Loader/INFO] [cza]: Starting up SoundSystem...
[22:14:15] [Thread-5/INFO] [cza]: Initializing LWJGL OpenAL
[22:14:15] [Thread-5/INFO] [cza]: (The LWJGL binding of OpenAL.  For more information, see http://www.lwjgl.org)
[22:14:16] [Thread-5/INFO] [cza]: OpenAL initialized.
[22:14:16] [Sound Library Loader/INFO] [cza]: Sound engine started
[22:14:20] [Client thread/INFO] [cua]: Created: 512x512 textures-atlas
[22:14:21] [Client thread/DEBUG] [cuj]: Exported png to: D:\Program\python\PMCL\client\textures_0.png
[22:14:21] [Client thread/DEBUG] [cuj]: Exported png to: D:\Program\python\PMCL\client\textures_1.png
[22:14:21] [Client thread/DEBUG] [cuj]: Exported png to: D:\Program\python\PMCL\client\textures_2.png
[22:14:21] [Client thread/DEBUG] [cuj]: Exported png to: D:\Program\python\PMCL\client\textures_3.png
[22:14:21] [Client thread/DEBUG] [cuj]: Exported png to: D:\Program\python\PMCL\client\textures_4.png
[22:14:25] [Client thread/ERROR] [bsu]: ########## GL ERROR ##########
[22:14:25] [Client thread/ERROR] [bsu]: @ Post render
[22:14:25] [Client thread/ERROR] [bsu]: 1286: Invalid framebuffer operation
[22:14:25] [Client thread/ERROR] [bsu]: ########## GL ERROR ##########
[22:14:25] [Client thread/ERROR] [bsu]: @ Post render
[22:14:25] [Client thread/ERROR] [bsu]: 1286: Invalid framebuffer operation
[22:14:26] [Client thread/ERROR] [bsu]: ########## GL ERROR ##########
[22:14:26] [Client thread/ERROR] [bsu]: @ Post render
[22:14:26] [Client thread/ERROR] [bsu]: 1286: Invalid framebuffer operation
[22:14:26] [Client thread/ERROR] [bsu]: ########## GL ERROR ##########
[22:14:26] [Client thread/ERROR] [bsu]: @ Post render
[22:14:26] [Client thread/ERROR] [bsu]: 1286: Invalid framebuffer operation
[22:14:26] [Client thread/ERROR] [bsu]: ########## GL ERROR ##########
[22:14:26] [Client thread/ERROR] [bsu]: @ Post render
[22:14:26] [Client thread/ERROR] [bsu]: 1286: Invalid framebuffer operation
[22:14:26] [Client thread/ERROR] [bsu]: ########## GL ERROR ##########
[22:14:26] [Client thread/ERROR] [bsu]: @ Post render
[22:14:26] [Client thread/ERROR] [bsu]: 1286: Invalid framebuffer operation
[22:14:26] [Client thread/ERROR] [bsu]: ########## GL ERROR ##########
[22:14:26] [Client thread/ERROR] [bsu]: @ Post render
[22:14:26] [Client thread/ERROR] [bsu]: 1286: Invalid framebuffer operation
[22:14:26] [Client thread/ERROR] [bsu]: ########## GL ERROR ##########
[22:14:26] [Client thread/ERROR] [bsu]: @ Post render
[22:14:26] [Client thread/ERROR] [bsu]: 1286: Invalid framebuffer operation
[22:14:26] [Client thread/ERROR] [bsu]: ########## GL ERROR ##########
[22:14:26] [Client thread/ERROR] [bsu]: @ Post render
[22:14:26] [Client thread/ERROR] [bsu]: 1286: Invalid framebuffer operation
[22:14:26] [Client thread/ERROR] [bsu]: ########## GL ERROR ##########
[22:14:26] [Client thread/ERROR] [bsu]: @ Post render
[22:14:26] [Client thread/ERROR] [bsu]: 1286: Invalid framebuffer operation
[22:14:26] [Client thread/ERROR] [bsu]: ########## GL ERROR ##########
[22:14:26] [Client thread/ERROR] [bsu]: @ Post render
[22:14:26] [Client thread/ERROR] [bsu]: 1286: Invalid framebuffer operation
[22:14:26] [Client thread/ERROR] [bsu]: ########## GL ERROR ##########
[22:14:26] [Client thread/ERROR] [bsu]: @ Post render
[22:14:26] [Client thread/ERROR] [bsu]: 1286: Invalid framebuffer operation
[22:14:26] [Client thread/ERROR] [bsu]: ########## GL ERROR ##########
[22:14:26] [Client thread/ERROR] [bsu]: @ Post render
[22:14:26] [Client thread/ERROR] [bsu]: 1286: Invalid framebuffer operation
[22:14:26] [Client thread/ERROR] [bsu]: ########## GL ERROR ##########
[22:14:26] [Client thread/ERROR] [bsu]: @ Post render
[22:14:26] [Client thread/ERROR] [bsu]: 1286: Invalid framebuffer operation
[22:14:26] [Client thread/ERROR] [bsu]: ########## GL ERROR ##########
[22:14:26] [Client thread/ERROR] [bsu]: @ Post render
[22:14:26] [Client thread/ERROR] [bsu]: 1286: Invalid framebuffer operation
[22:14:26] [Client thread/ERROR] [bsu]: ########## GL ERROR ##########
[22:14:26] [Client thread/ERROR] [bsu]: @ Post render
[22:14:26] [Client thread/ERROR] [bsu]: 1286: Invalid framebuffer operation
[22:14:26] [Client thread/ERROR] [bsu]: ########## GL ERROR ##########
[22:14:26] [Client thread/ERROR] [bsu]: @ Post render
[22:14:26] [Client thread/ERROR] [bsu]: 1286: Invalid framebuffer operation
[22:14:26] [Client thread/ERROR] [bsu]: ########## GL ERROR ##########
[22:14:26] [Client thread/ERROR] [bsu]: @ Post render
[22:14:26] [Client thread/ERROR] [bsu]: 1286: Invalid framebuffer operation
[22:14:26] [Client thread/ERROR] [bsu]: ########## GL ERROR ##########
[22:14:26] [Client thread/ERROR] [bsu]: @ Post render
[22:14:26] [Client thread/ERROR] [bsu]: 1286: Invalid framebuffer operation
[22:14:26] [Client thread/ERROR] [bsu]: ########## GL ERROR ##########
[22:14:26] [Client thread/ERROR] [bsu]: @ Post render
[22:14:26] [Client thread/ERROR] [bsu]: 1286: Invalid framebuffer operation
[22:14:26] [Client thread/ERROR] [bsu]: ########## GL ERROR ##########
[22:14:26] [Client thread/ERROR] [bsu]: @ Post render
[22:14:26] [Client thread/ERROR] [bsu]: 1286: Invalid framebuffer operation
[22:14:26] [Client thread/ERROR] [bsu]: ########## GL ERROR ##########
[22:14:26] [Client thread/ERROR] [bsu]: @ Post render
[22:14:26] [Client thread/ERROR] [bsu]: 1286: Invalid framebuffer operation
[22:14:26] [Client thread/ERROR] [bsu]: ########## GL ERROR ##########
[22:14:26] [Client thread/ERROR] [bsu]: @ Post render
[22:14:26] [Client thread/ERROR] [bsu]: 1286: Invalid framebuffer operation
[22:14:26] [Client thread/ERROR] [bsu]: ########## GL ERROR ##########
[22:14:26] [Client thread/ERROR] [bsu]: @ Post render
[22:14:26] [Client thread/ERROR] [bsu]: 1286: Invalid framebuffer operation
[22:14:26] [Client thread/ERROR] [bsu]: ########## GL ERROR ##########
[22:14:26] [Client thread/ERROR] [bsu]: @ Post render
[22:14:26] [Client thread/ERROR] [bsu]: 1286: Invalid framebuffer operation
[22:14:26] [Client thread/ERROR] [bsu]: ########## GL ERROR ##########
[22:14:26] [Client thread/ERROR] [bsu]: @ Post render
[22:14:26] [Client thread/ERROR] [bsu]: 1286: Invalid framebuffer operation
[22:14:26] [Client thread/ERROR] [bsu]: ########## GL ERROR ##########
[22:14:26] [Client thread/ERROR] [bsu]: @ Post render
[22:14:26] [Client thread/ERROR] [bsu]: 1286: Invalid framebuffer operation
[22:14:26] [Client thread/ERROR] [bsu]: ########## GL ERROR ##########
[22:14:26] [Client thread/ERROR] [bsu]: @ Post render
[22:14:26] [Client thread/ERROR] [bsu]: 1286: Invalid framebuffer operation
[22:14:26] [Client thread/ERROR] [bsu]: ########## GL ERROR ##########
[22:14:26] [Client thread/ERROR] [bsu]: @ Post render
[22:14:26] [Client thread/ERROR] [bsu]: 1286: Invalid framebuffer operation
[22:14:27] [Client thread/ERROR] [bsu]: ########## GL ERROR ##########
[22:14:27] [Client thread/ERROR] [bsu]: @ Post render
[22:14:27] [Client thread/ERROR] [bsu]: 1286: Invalid framebuffer operation
[22:14:27] [Client thread/ERROR] [bsu]: ########## GL ERROR ##########
[22:14:27] [Client thread/ERROR] [bsu]: @ Post render
[22:14:27] [Client thread/ERROR] [bsu]: 1286: Invalid framebuffer operation
[22:14:27] [Client thread/ERROR] [bsu]: ########## GL ERROR ##########
[22:14:27] [Client thread/ERROR] [bsu]: @ Post render
[22:14:27] [Client thread/ERROR] [bsu]: 1286: Invalid framebuffer operation
[22:14:27] [Client thread/ERROR] [bsu]: ########## GL ERROR ##########
[22:14:27] [Client thread/ERROR] [bsu]: @ Post render
[22:14:27] [Client thread/ERROR] [bsu]: 1286: Invalid framebuffer operation
[22:14:27] [Client thread/ERROR] [bsu]: ########## GL ERROR ##########
[22:14:27] [Client thread/ERROR] [bsu]: @ Post render
[22:14:27] [Client thread/ERROR] [bsu]: 1286: Invalid framebuffer operation
[22:14:27] [Client thread/ERROR] [bsu]: ########## GL ERROR ##########
[22:14:27] [Client thread/ERROR] [bsu]: @ Post render
[22:14:27] [Client thread/ERROR] [bsu]: 1286: Invalid framebuffer operation
[22:14:27] [Client thread/ERROR] [bsu]: ########## GL ERROR ##########
[22:14:27] [Client thread/ERROR] [bsu]: @ Post render
[22:14:27] [Client thread/ERROR] [bsu]: 1286: Invalid framebuffer operation
[22:14:27] [Client thread/ERROR] [bsu]: ########## GL ERROR ##########
[22:14:27] [Client thread/ERROR] [bsu]: @ Post render
[22:14:27] [Client thread/ERROR] [bsu]: 1286: Invalid framebuffer operation
[22:14:27] [Client thread/ERROR] [bsu]: ########## GL ERROR ##########
[22:14:27] [Client thread/ERROR] [bsu]: @ Post render
[22:14:27] [Client thread/ERROR] [bsu]: 1286: Invalid framebuffer operation
[22:14:27] [Client thread/ERROR] [bsu]: ########## GL ERROR ##########
[22:14:27] [Client thread/ERROR] [bsu]: @ Post render
[22:14:27] [Client thread/ERROR] [bsu]: 1286: Invalid framebuffer operation
[22:14:27] [Client thread/ERROR] [bsu]: ########## GL ERROR ##########
[22:14:27] [Client thread/ERROR] [bsu]: @ Post render
[22:14:27] [Client thread/ERROR] [bsu]: 1286: Invalid framebuffer operation
[22:14:27] [Client thread/ERROR] [bsu]: ########## GL ERROR ##########
[22:14:27] [Client thread/ERROR] [bsu]: @ Post render
[22:14:27] [Client thread/ERROR] [bsu]: 1286: Invalid framebuffer operation
[22:14:27] [Client thread/ERROR] [bsu]: ########## GL ERROR ##########
[22:14:27] [Client thread/ERROR] [bsu]: @ Post render
[22:14:27] [Client thread/ERROR] [bsu]: 1286: Invalid framebuffer operation
[22:14:27] [Client thread/ERROR] [bsu]: ########## GL ERROR ##########
[22:14:27] [Client thread/ERROR] [bsu]: @ Post render
[22:14:27] [Client thread/ERROR] [bsu]: 1286: Invalid framebuffer operation
[22:14:27] [Client thread/ERROR] [bsu]: ########## GL ERROR ##########
[22:14:27] [Client thread/ERROR] [bsu]: @ Post render
[22:14:27] [Client thread/ERROR] [bsu]: 1286: Invalid framebuffer operation
[22:14:27] [Client thread/ERROR] [bsu]: ########## GL ERROR ##########
[22:14:27] [Client thread/ERROR] [bsu]: @ Post render
[22:14:27] [Client thread/ERROR] [bsu]: 1286: Invalid framebuffer operation
[22:14:27] [Client thread/ERROR] [bsu]: ########## GL ERROR ##########
[22:14:27] [Client thread/ERROR] [bsu]: @ Post render
[22:14:27] [Client thread/ERROR] [bsu]: 1286: Invalid framebuffer operation
[22:14:27] [Client thread/ERROR] [bsu]: ########## GL ERROR ##########
[22:14:27] [Client thread/ERROR] [bsu]: @ Post render
[22:14:27] [Client thread/ERROR] [bsu]: 1286: Invalid framebuffer operation
[22:14:27] [Client thread/ERROR] [bsu]: ########## GL ERROR ##########
[22:14:27] [Client thread/ERROR] [bsu]: @ Post render
[22:14:27] [Client thread/ERROR] [bsu]: 1286: Invalid framebuffer operation
[22:14:27] [Client thread/ERROR] [bsu]: ########## GL ERROR ##########
[22:14:27] [Client thread/ERROR] [bsu]: @ Post render
[22:14:27] [Client thread/ERROR] [bsu]: 1286: Invalid framebuffer operation
[22:14:27] [Client thread/ERROR] [bsu]: ########## GL ERROR ##########
[22:14:27] [Client thread/ERROR] [bsu]: @ Post render
[22:14:27] [Client thread/ERROR] [bsu]: 1286: Invalid framebuffer operation
[22:14:27] [Client thread/ERROR] [bsu]: ########## GL ERROR ##########
[22:14:27] [Client thread/ERROR] [bsu]: @ Post render
[22:14:27] [Client thread/ERROR] [bsu]: 1286: Invalid framebuffer operation
[22:14:27] [Client thread/ERROR] [bsu]: ########## GL ERROR ##########
[22:14:27] [Client thread/ERROR] [bsu]: @ Post render
[22:14:27] [Client thread/ERROR] [bsu]: 1286: Invalid framebuffer operation
[22:14:27] [Client thread/ERROR] [bsu]: ########## GL ERROR ##########
[22:14:27] [Client thread/ERROR] [bsu]: @ Post render
[22:14:27] [Client thread/ERROR] [bsu]: 1286: Invalid framebuffer operation
[22:14:27] [Client thread/ERROR] [bsu]: ########## GL ERROR ##########
[22:14:27] [Client thread/ERROR] [bsu]: @ Post render
[22:14:27] [Client thread/ERROR] [bsu]: 1286: Invalid framebuffer operation
[22:14:27] [Client thread/ERROR] [bsu]: ########## GL ERROR ##########
[22:14:27] [Client thread/ERROR] [bsu]: @ Post render
[22:14:27] [Client thread/ERROR] [bsu]: 1286: Invalid framebuffer operation
[22:14:27] [Client thread/ERROR] [bsu]: ########## GL ERROR ##########
[22:14:27] [Client thread/ERROR] [bsu]: @ Post render
[22:14:27] [Client thread/ERROR] [bsu]: 1286: Invalid framebuffer operation
[22:14:27] [Client thread/ERROR] [bsu]: ########## GL ERROR ##########
[22:14:27] [Client thread/ERROR] [bsu]: @ Post render
[22:14:27] [Client thread/ERROR] [bsu]: 1286: Invalid framebuffer operation
[22:14:27] [Client thread/ERROR] [bsu]: ########## GL ERROR ##########
[22:14:27] [Client thread/ERROR] [bsu]: @ Post render
[22:14:27] [Client thread/ERROR] [bsu]: 1286: Invalid framebuffer operation
[22:14:27] [Client thread/ERROR] [bsu]: ########## GL ERROR ##########
[22:14:27] [Client thread/ERROR] [bsu]: @ Post render
[22:14:27] [Client thread/ERROR] [bsu]: 1286: Invalid framebuffer operation
[22:14:28] [Client thread/ERROR] [bsu]: ########## GL ERROR ##########
[22:14:28] [Client thread/ERROR] [bsu]: @ Post render
[22:14:28] [Client thread/ERROR] [bsu]: 1286: Invalid framebuffer operation
[22:14:28] [Client thread/ERROR] [bsu]: ########## GL ERROR ##########
[22:14:28] [Client thread/ERROR] [bsu]: @ Post render
[22:14:28] [Client thread/ERROR] [bsu]: 1286: Invalid framebuffer operation
[22:14:28] [Client thread/ERROR] [bsu]: ########## GL ERROR ##########
[22:14:28] [Client thread/ERROR] [bsu]: @ Post render
[22:14:28] [Client thread/ERROR] [bsu]: 1286: Invalid framebuffer operation
[22:14:28] [Client thread/ERROR] [bsu]: ########## GL ERROR ##########
[22:14:28] [Client thread/ERROR] [bsu]: @ Post render
[22:14:28] [Client thread/ERROR] [bsu]: 1286: Invalid framebuffer operation
[22:14:28] [Client thread/ERROR] [bsu]: ########## GL ERROR ##########
[22:14:28] [Client thread/ERROR] [bsu]: @ Post render
[22:14:28] [Client thread/ERROR] [bsu]: 1286: Invalid framebuffer operation
[22:14:28] [Client thread/ERROR] [bsu]: ########## GL ERROR ##########
[22:14:28] [Client thread/ERROR] [bsu]: @ Post render
[22:14:28] [Client thread/ERROR] [bsu]: 1286: Invalid framebuffer operation
[22:14:28] [Client thread/ERROR] [bsu]: ########## GL ERROR ##########
[22:14:28] [Client thread/ERROR] [bsu]: @ Post render
[22:14:28] [Client thread/ERROR] [bsu]: 1286: Invalid framebuffer operation
[22:14:28] [Client thread/ERROR] [bsu]: ########## GL ERROR ##########
[22:14:28] [Client thread/ERROR] [bsu]: @ Post render
[22:14:28] [Client thread/ERROR] [bsu]: 1286: Invalid framebuffer operation
[22:14:28] [Client thread/ERROR] [bsu]: ########## GL ERROR ##########
[22:14:28] [Client thread/ERROR] [bsu]: @ Post render
[22:14:28] [Client thread/ERROR] [bsu]: 1286: Invalid framebuffer operation
[22:14:28] [Client thread/ERROR] [bsu]: ########## GL ERROR ##########
[22:14:28] [Client thread/ERROR] [bsu]: @ Post render
[22:14:28] [Client thread/ERROR] [bsu]: 1286: Invalid framebuffer operation
[22:14:28] [Client thread/ERROR] [bsu]: ########## GL ERROR ##########
[22:14:28] [Client thread/ERROR] [bsu]: @ Post render
[22:14:28] [Client thread/ERROR] [bsu]: 1286: Invalid framebuffer operation
[22:14:28] [Client thread/ERROR] [bsu]: ########## GL ERROR ##########
[22:14:28] [Client thread/ERROR] [bsu]: @ Post render
[22:14:28] [Client thread/ERROR] [bsu]: 1286: Invalid framebuffer operation
[22:14:28] [Client thread/ERROR] [bsu]: ########## GL ERROR ##########
[22:14:28] [Client thread/ERROR] [bsu]: @ Post render
[22:14:28] [Client thread/ERROR] [bsu]: 1286: Invalid framebuffer operation
[22:14:28] [Client thread/ERROR] [bsu]: ########## GL ERROR ##########
[22:14:28] [Client thread/ERROR] [bsu]: @ Post render
[22:14:28] [Client thread/ERROR] [bsu]: 1286: Invalid framebuffer operation
[22:14:28] [Client thread/ERROR] [bsu]: ########## GL ERROR ##########
[22:14:28] [Client thread/ERROR] [bsu]: @ Post render
[22:14:28] [Client thread/ERROR] [bsu]: 1286: Invalid framebuffer operation
[22:14:28] [Client thread/ERROR] [bsu]: ########## GL ERROR ##########
[22:14:28] [Client thread/ERROR] [bsu]: @ Post render
[22:14:28] [Client thread/ERROR] [bsu]: 1286: Invalid framebuffer operation
[22:14:28] [Client thread/ERROR] [bsu]: ########## GL ERROR ##########
[22:14:28] [Client thread/ERROR] [bsu]: @ Post render
[22:14:28] [Client thread/ERROR] [bsu]: 1286: Invalid framebuffer operation
[22:14:28] [Client thread/ERROR] [bsu]: ########## GL ERROR ##########
[22:14:28] [Client thread/ERROR] [bsu]: @ Post render
[22:14:28] [Client thread/ERROR] [bsu]: 1286: Invalid framebuffer operation
[22:14:28] [Client thread/ERROR] [bsu]: ########## GL ERROR ##########
[22:14:28] [Client thread/ERROR] [bsu]: @ Post render
[22:14:28] [Client thread/ERROR] [bsu]: 1286: Invalid framebuffer operation
[22:14:28] [Client thread/ERROR] [bsu]: ########## GL ERROR ##########
[22:14:28] [Client thread/ERROR] [bsu]: @ Post render
[22:14:28] [Client thread/ERROR] [bsu]: 1286: Invalid framebuffer operation
[22:14:28] [Client thread/ERROR] [bsu]: ########## GL ERROR ##########
[22:14:28] [Client thread/ERROR] [bsu]: @ Post render
[22:14:28] [Client thread/ERROR] [bsu]: 1286: Invalid framebuffer operation
[22:14:28] [Client thread/ERROR] [bsu]: ########## GL ERROR ##########
[22:14:28] [Client thread/ERROR] [bsu]: @ Post render
[22:14:28] [Client thread/ERROR] [bsu]: 1286: Invalid framebuffer operation
[22:14:28] [Client thread/ERROR] [bsu]: ########## GL ERROR ##########
[22:14:28] [Client thread/ERROR] [bsu]: @ Post render
[22:14:28] [Client thread/ERROR] [bsu]: 1286: Invalid framebuffer operation
[22:14:28] [Client thread/ERROR] [bsu]: ########## GL ERROR ##########
[22:14:28] [Client thread/ERROR] [bsu]: @ Post render
[22:14:28] [Client thread/ERROR] [bsu]: 1286: Invalid framebuffer operation
[22:14:28] [Client thread/ERROR] [bsu]: ########## GL ERROR ##########
[22:14:28] [Client thread/ERROR] [bsu]: @ Post render
[22:14:28] [Client thread/ERROR] [bsu]: 1286: Invalid framebuffer operation
[22:14:28] [Client thread/ERROR] [bsu]: ########## GL ERROR ##########
[22:14:28] [Client thread/ERROR] [bsu]: @ Post render
[22:14:28] [Client thread/ERROR] [bsu]: 1286: Invalid framebuffer operation
[22:14:28] [Client thread/DEBUG] [cza]: Playing sound minecraft:sounds/music/menu/menu1.ogg for event minecraft:music.menu as channel da0f552b-90dd-4ad5-917a-1fe5def52521
[22:14:29] [Client thread/ERROR] [bsu]: ########## GL ERROR ##########
[22:14:29] [Client thread/ERROR] [bsu]: @ Post render
[22:14:29] [Client thread/ERROR] [bsu]: 1286: Invalid framebuffer operation
[22:14:29] [Client thread/ERROR] [bsu]: ########## GL ERROR ##########
[22:14:29] [Client thread/ERROR] [bsu]: @ Post render
[22:14:29] [Client thread/ERROR] [bsu]: 1286: Invalid framebuffer operation
[22:14:29] [Client thread/ERROR] [bsu]: ########## GL ERROR ##########
[22:14:29] [Client thread/ERROR] [bsu]: @ Post render
[22:14:29] [Client thread/ERROR] [bsu]: 1286: Invalid framebuffer operation
[22:14:29] [Client thread/ERROR] [bsu]: ########## GL ERROR ##########
[22:14:29] [Client thread/ERROR] [bsu]: @ Post render
[22:14:29] [Client thread/ERROR] [bsu]: 1286: Invalid framebuffer operation
[22:14:29] [Client thread/ERROR] [bsu]: ########## GL ERROR ##########
[22:14:29] [Client thread/ERROR] [bsu]: @ Post render
[22:14:29] [Client thread/ERROR] [bsu]: 1286: Invalid framebuffer operation
[22:14:29] [Client thread/ERROR] [bsu]: ########## GL ERROR ##########
[22:14:29] [Client thread/ERROR] [bsu]: @ Post render
[22:14:29] [Client thread/ERROR] [bsu]: 1286: Invalid framebuffer operation
[22:14:29] [Client thread/ERROR] [bsu]: ########## GL ERROR ##########
[22:14:29] [Client thread/ERROR] [bsu]: @ Post render
[22:14:29] [Client thread/ERROR] [bsu]: 1286: Invalid framebuffer operation
[22:14:29] [Client thread/ERROR] [bsu]: ########## GL ERROR ##########
[22:14:29] [Client thread/ERROR] [bsu]: @ Post render
[22:14:29] [Client thread/ERROR] [bsu]: 1286: Invalid framebuffer operation
[22:14:29] [Client thread/ERROR] [bsu]: ########## GL ERROR ##########
[22:14:29] [Client thread/ERROR] [bsu]: @ Post render
[22:14:29] [Client thread/ERROR] [bsu]: 1286: Invalid framebuffer operation
[22:14:29] [Client thread/ERROR] [bsu]: ########## GL ERROR ##########
[22:14:29] [Client thread/ERROR] [bsu]: @ Post render
[22:14:29] [Client thread/ERROR] [bsu]: 1286: Invalid framebuffer operation
[22:14:29] [Client thread/ERROR] [bsu]: ########## GL ERROR ##########
[22:14:29] [Client thread/ERROR] [bsu]: @ Post render
[22:14:29] [Client thread/ERROR] [bsu]: 1286: Invalid framebuffer operation
[22:14:29] [Client thread/ERROR] [bsu]: ########## GL ERROR ##########
[22:14:29] [Client thread/ERROR] [bsu]: @ Post render
[22:14:29] [Client thread/ERROR] [bsu]: 1286: Invalid framebuffer operation
[22:14:29] [Client thread/ERROR] [bsu]: ########## GL ERROR ##########
[22:14:29] [Client thread/ERROR] [bsu]: @ Post render
[22:14:29] [Client thread/ERROR] [bsu]: 1286: Invalid framebuffer operation
[22:14:29] [Client thread/ERROR] [bsu]: ########## GL ERROR ##########
[22:14:29] [Client thread/ERROR] [bsu]: @ Post render
[22:14:29] [Client thread/ERROR] [bsu]: 1286: Invalid framebuffer operation
[22:14:29] [Client thread/ERROR] [bsu]: ########## GL ERROR ##########
[22:14:29] [Client thread/ERROR] [bsu]: @ Post render
[22:14:29] [Client thread/ERROR] [bsu]: 1286: Invalid framebuffer operation
[22:14:29] [Client thread/ERROR] [bsu]: ########## GL ERROR ##########
[22:14:29] [Client thread/ERROR] [bsu]: @ Post render
[22:14:29] [Client thread/ERROR] [bsu]: 1286: Invalid framebuffer operation
[22:14:29] [Client thread/ERROR] [bsu]: ########## GL ERROR ##########
[22:14:29] [Client thread/ERROR] [bsu]: @ Post render
[22:14:29] [Client thread/ERROR] [bsu]: 1286: Invalid framebuffer operation
[22:14:29] [Client thread/ERROR] [bsu]: ########## GL ERROR ##########
[22:14:29] [Client thread/ERROR] [bsu]: @ Post render
[22:14:29] [Client thread/ERROR] [bsu]: 1286: Invalid framebuffer operation
[22:14:29] [Client thread/ERROR] [bsu]: ########## GL ERROR ##########
[22:14:29] [Client thread/ERROR] [bsu]: @ Post render
[22:14:29] [Client thread/ERROR] [bsu]: 1286: Invalid framebuffer operation
[22:14:29] [Client thread/ERROR] [bsu]: ########## GL ERROR ##########
[22:14:29] [Client thread/ERROR] [bsu]: @ Post render
[22:14:29] [Client thread/ERROR] [bsu]: 1286: Invalid framebuffer operation
[22:14:29] [Client thread/ERROR] [bsu]: ########## GL ERROR ##########
[22:14:29] [Client thread/ERROR] [bsu]: @ Post render
[22:14:29] [Client thread/ERROR] [bsu]: 1286: Invalid framebuffer operation
[22:14:29] [Client thread/ERROR] [bsu]: ########## GL ERROR ##########
[22:14:29] [Client thread/ERROR] [bsu]: @ Post render
[22:14:29] [Client thread/ERROR] [bsu]: 1286: Invalid framebuffer operation
[22:14:29] [Client thread/ERROR] [bsu]: ########## GL ERROR ##########
[22:14:29] [Client thread/ERROR] [bsu]: @ Post render
[22:14:29] [Client thread/ERROR] [bsu]: 1286: Invalid framebuffer operation
[22:14:29] [Client thread/ERROR] [bsu]: ########## GL ERROR ##########
[22:14:29] [Client thread/ERROR] [bsu]: @ Post render
[22:14:29] [Client thread/ERROR] [bsu]: 1286: Invalid framebuffer operation
[22:14:29] [Client thread/ERROR] [bsu]: ########## GL ERROR ##########
[22:14:29] [Client thread/ERROR] [bsu]: @ Post render
[22:14:29] [Client thread/ERROR] [bsu]: 1286: Invalid framebuffer operation
[22:14:29] [Client thread/ERROR] [bsu]: ########## GL ERROR ##########
[22:14:29] [Client thread/ERROR] [bsu]: @ Post render
[22:14:29] [Client thread/ERROR] [bsu]: 1286: Invalid framebuffer operation
[22:14:29] [Client thread/ERROR] [bsu]: ########## GL ERROR ##########
[22:14:29] [Client thread/ERROR] [bsu]: @ Post render
[22:14:29] [Client thread/ERROR] [bsu]: 1286: Invalid framebuffer operation
[22:14:30] [Client thread/ERROR] [bsu]: ########## GL ERROR ##########
[22:14:30] [Client thread/ERROR] [bsu]: @ Post render
[22:14:30] [Client thread/ERROR] [bsu]: 1286: Invalid framebuffer operation
[22:14:30] [Client thread/ERROR] [bsu]: ########## GL ERROR ##########
[22:14:30] [Client thread/ERROR] [bsu]: @ Post render
[22:14:30] [Client thread/ERROR] [bsu]: 1286: Invalid framebuffer operation
[22:14:30] [Client thread/ERROR] [bsu]: ########## GL ERROR ##########
[22:14:30] [Client thread/ERROR] [bsu]: @ Post render
[22:14:30] [Client thread/ERROR] [bsu]: 1286: Invalid framebuffer operation
[22:14:30] [Client thread/ERROR] [bsu]: ########## GL ERROR ##########
[22:14:30] [Client thread/ERROR] [bsu]: @ Post render
[22:14:30] [Client thread/ERROR] [bsu]: 1286: Invalid framebuffer operation
[22:14:30] [Client thread/ERROR] [bsu]: ########## GL ERROR ##########
[22:14:30] [Client thread/ERROR] [bsu]: @ Post render
[22:14:30] [Client thread/ERROR] [bsu]: 1286: Invalid framebuffer operation
[22:14:30] [Client thread/ERROR] [bsu]: ########## GL ERROR ##########
[22:14:30] [Client thread/ERROR] [bsu]: @ Post render
[22:14:30] [Client thread/ERROR] [bsu]: 1286: Invalid framebuffer operation
[22:14:30] [Client thread/ERROR] [bsu]: ########## GL ERROR ##########
[22:14:30] [Client thread/ERROR] [bsu]: @ Post render
[22:14:30] [Client thread/ERROR] [bsu]: 1286: Invalid framebuffer operation
[22:14:30] [Client thread/ERROR] [bsu]: ########## GL ERROR ##########
[22:14:30] [Client thread/ERROR] [bsu]: @ Post render
[22:14:30] [Client thread/ERROR] [bsu]: 1286: Invalid framebuffer operation
[22:14:30] [Client thread/ERROR] [bsu]: ########## GL ERROR ##########
[22:14:30] [Client thread/ERROR] [bsu]: @ Post render
[22:14:30] [Client thread/ERROR] [bsu]: 1286: Invalid framebuffer operation
[22:14:30] [Client thread/ERROR] [bsu]: ########## GL ERROR ##########
[22:14:30] [Client thread/ERROR] [bsu]: @ Post render
[22:14:30] [Client thread/ERROR] [bsu]: 1286: Invalid framebuffer operation
[22:14:30] [Client thread/ERROR] [bsu]: ########## GL ERROR ##########
[22:14:30] [Client thread/ERROR] [bsu]: @ Post render
[22:14:30] [Client thread/ERROR] [bsu]: 1286: Invalid framebuffer operation
[22:14:30] [Client thread/ERROR] [bsu]: ########## GL ERROR ##########
[22:14:30] [Client thread/ERROR] [bsu]: @ Post render
[22:14:30] [Client thread/ERROR] [bsu]: 1286: Invalid framebuffer operation
[22:14:30] [Client thread/ERROR] [bsu]: ########## GL ERROR ##########
[22:14:30] [Client thread/ERROR] [bsu]: @ Post render
[22:14:30] [Client thread/ERROR] [bsu]: 1286: Invalid framebuffer operation
[22:14:30] [Client thread/ERROR] [bsu]: ########## GL ERROR ##########
[22:14:30] [Client thread/ERROR] [bsu]: @ Post render
[22:14:30] [Client thread/ERROR] [bsu]: 1286: Invalid framebuffer operation
[22:14:30] [Client thread/ERROR] [bsu]: ########## GL ERROR ##########
[22:14:30] [Client thread/ERROR] [bsu]: @ Post render
[22:14:30] [Client thread/ERROR] [bsu]: 1286: Invalid framebuffer operation
[22:14:30] [Client thread/ERROR] [bsu]: ########## GL ERROR ##########
[22:14:30] [Client thread/ERROR] [bsu]: @ Post render
[22:14:30] [Client thread/ERROR] [bsu]: 1286: Invalid framebuffer operation
[22:14:30] [Client thread/ERROR] [bsu]: ########## GL ERROR ##########
[22:14:30] [Client thread/ERROR] [bsu]: @ Post render
[22:14:30] [Client thread/ERROR] [bsu]: 1286: Invalid framebuffer operation
[22:14:30] [Client thread/ERROR] [bsu]: ########## GL ERROR ##########
[22:14:30] [Client thread/ERROR] [bsu]: @ Post render
[22:14:30] [Client thread/ERROR] [bsu]: 1286: Invalid framebuffer operation
[22:14:30] [Client thread/ERROR] [bsu]: ########## GL ERROR ##########
[22:14:30] [Client thread/ERROR] [bsu]: @ Post render
[22:14:30] [Client thread/ERROR] [bsu]: 1286: Invalid framebuffer operation
[22:14:30] [Client thread/ERROR] [bsu]: ########## GL ERROR ##########
[22:14:30] [Client thread/ERROR] [bsu]: @ Post render
[22:14:30] [Client thread/ERROR] [bsu]: 1286: Invalid framebuffer operation
[22:14:30] [Client thread/ERROR] [bsu]: ########## GL ERROR ##########
[22:14:30] [Client thread/ERROR] [bsu]: @ Post render
[22:14:30] [Client thread/ERROR] [bsu]: 1286: Invalid framebuffer operation
[22:14:30] [Client thread/ERROR] [bsu]: ########## GL ERROR ##########
[22:14:30] [Client thread/ERROR] [bsu]: @ Post render
[22:14:30] [Client thread/ERROR] [bsu]: 1286: Invalid framebuffer operation
[22:14:30] [Client thread/ERROR] [bsu]: ########## GL ERROR ##########
[22:14:30] [Client thread/ERROR] [bsu]: @ Post render
[22:14:30] [Client thread/ERROR] [bsu]: 1286: Invalid framebuffer operation
[22:14:30] [Client thread/ERROR] [bsu]: ########## GL ERROR ##########
[22:14:30] [Client thread/ERROR] [bsu]: @ Post render
[22:14:30] [Client thread/ERROR] [bsu]: 1286: Invalid framebuffer operation
[22:14:30] [Client thread/ERROR] [bsu]: ########## GL ERROR ##########
[22:14:30] [Client thread/ERROR] [bsu]: @ Post render
[22:14:30] [Client thread/ERROR] [bsu]: 1286: Invalid framebuffer operation
[22:14:30] [Client thread/ERROR] [bsu]: ########## GL ERROR ##########
[22:14:30] [Client thread/ERROR] [bsu]: @ Post render
[22:14:30] [Client thread/ERROR] [bsu]: 1286: Invalid framebuffer operation
[22:14:30] [Client thread/ERROR] [bsu]: ########## GL ERROR ##########
[22:14:30] [Client thread/ERROR] [bsu]: @ Post render
[22:14:30] [Client thread/ERROR] [bsu]: 1286: Invalid framebuffer operation
[22:14:30] [Client thread/ERROR] [bsu]: ########## GL ERROR ##########
[22:14:30] [Client thread/ERROR] [bsu]: @ Post render
[22:14:30] [Client thread/ERROR] [bsu]: 1286: Invalid framebuffer operation
[22:14:30] [Client thread/ERROR] [bsu]: ########## GL ERROR ##########
[22:14:30] [Client thread/ERROR] [bsu]: @ Post render
[22:14:30] [Client thread/ERROR] [bsu]: 1286: Invalid framebuffer operation
[22:14:30] [Client thread/ERROR] [bsu]: ########## GL ERROR ##########
[22:14:30] [Client thread/ERROR] [bsu]: @ Post render
[22:14:30] [Client thread/ERROR] [bsu]: 1286: Invalid framebuffer operation
[22:14:31] [Client thread/ERROR] [bsu]: ########## GL ERROR ##########
[22:14:31] [Client thread/ERROR] [bsu]: @ Post render
[22:14:31] [Client thread/ERROR] [bsu]: 1286: Invalid framebuffer operation
[22:14:31] [Client thread/ERROR] [bsu]: ########## GL ERROR ##########
[22:14:31] [Client thread/ERROR] [bsu]: @ Post render
[22:14:31] [Client thread/ERROR] [bsu]: 1286: Invalid framebuffer operation
[22:14:31] [Client thread/ERROR] [bsu]: ########## GL ERROR ##########
[22:14:31] [Client thread/ERROR] [bsu]: @ Post render
[22:14:31] [Client thread/ERROR] [bsu]: 1286: Invalid framebuffer operation
[22:14:31] [Client thread/ERROR] [bsu]: ########## GL ERROR ##########
[22:14:31] [Client thread/ERROR] [bsu]: @ Post render
[22:14:31] [Client thread/ERROR] [bsu]: 1286: Invalid framebuffer operation
[22:14:31] [Client thread/ERROR] [bsu]: ########## GL ERROR ##########
[22:14:31] [Client thread/ERROR] [bsu]: @ Post render
[22:14:31] [Client thread/ERROR] [bsu]: 1286: Invalid framebuffer operation
[22:14:31] [Client thread/ERROR] [bsu]: ########## GL ERROR ##########
[22:14:31] [Client thread/ERROR] [bsu]: @ Post render
[22:14:31] [Client thread/ERROR] [bsu]: 1286: Invalid framebuffer operation
[22:14:31] [Client thread/ERROR] [bsu]: ########## GL ERROR ##########
[22:14:31] [Client thread/ERROR] [bsu]: @ Post render
[22:14:31] [Client thread/ERROR] [bsu]: 1286: Invalid framebuffer operation
[22:14:31] [Client thread/ERROR] [bsu]: ########## GL ERROR ##########
[22:14:31] [Client thread/ERROR] [bsu]: @ Post render
[22:14:31] [Client thread/ERROR] [bsu]: 1286: Invalid framebuffer operation
[22:14:31] [Client thread/ERROR] [bsu]: ########## GL ERROR ##########
[22:14:31] [Client thread/ERROR] [bsu]: @ Post render
[22:14:31] [Client thread/ERROR] [bsu]: 1286: Invalid framebuffer operation
[22:14:31] [Client thread/ERROR] [bsu]: ########## GL ERROR ##########
[22:14:31] [Client thread/ERROR] [bsu]: @ Post render
[22:14:31] [Client thread/ERROR] [bsu]: 1286: Invalid framebuffer operation
[22:14:31] [Client thread/ERROR] [bsu]: ########## GL ERROR ##########
[22:14:31] [Client thread/ERROR] [bsu]: @ Post render
[22:14:31] [Client thread/ERROR] [bsu]: 1286: Invalid framebuffer operation
[22:14:31] [Client thread/ERROR] [bsu]: ########## GL ERROR ##########
[22:14:31] [Client thread/ERROR] [bsu]: @ Post render
[22:14:31] [Client thread/ERROR] [bsu]: 1286: Invalid framebuffer operation
[22:14:31] [Client thread/ERROR] [bsu]: ########## GL ERROR ##########
[22:14:31] [Client thread/ERROR] [bsu]: @ Post render
[22:14:31] [Client thread/ERROR] [bsu]: 1286: Invalid framebuffer operation
[22:14:31] [Client thread/ERROR] [bsu]: ########## GL ERROR ##########
[22:14:31] [Client thread/ERROR] [bsu]: @ Post render
[22:14:31] [Client thread/ERROR] [bsu]: 1286: Invalid framebuffer operation
[22:14:31] [Client thread/ERROR] [bsu]: ########## GL ERROR ##########
[22:14:31] [Client thread/ERROR] [bsu]: @ Post render
[22:14:31] [Client thread/ERROR] [bsu]: 1286: Invalid framebuffer operation
[22:14:31] [Client thread/ERROR] [bsu]: ########## GL ERROR ##########
[22:14:31] [Client thread/ERROR] [bsu]: @ Post render
[22:14:31] [Client thread/ERROR] [bsu]: 1286: Invalid framebuffer operation
[22:14:31] [Client thread/ERROR] [bsu]: ########## GL ERROR ##########
[22:14:31] [Client thread/ERROR] [bsu]: @ Post render
[22:14:31] [Client thread/ERROR] [bsu]: 1286: Invalid framebuffer operation
[22:14:31] [Client thread/ERROR] [bsu]: ########## GL ERROR ##########
[22:14:31] [Client thread/ERROR] [bsu]: @ Post render
[22:14:31] [Client thread/ERROR] [bsu]: 1286: Invalid framebuffer operation
[22:14:31] [Client thread/ERROR] [bsu]: ########## GL ERROR ##########
[22:14:31] [Client thread/ERROR] [bsu]: @ Post render
[22:14:31] [Client thread/ERROR] [bsu]: 1286: Invalid framebuffer operation
[22:14:31] [Client thread/ERROR] [bsu]: ########## GL ERROR ##########
[22:14:31] [Client thread/ERROR] [bsu]: @ Post render
[22:14:31] [Client thread/ERROR] [bsu]: 1286: Invalid framebuffer operation
[22:14:31] [Client thread/ERROR] [bsu]: ########## GL ERROR ##########
[22:14:31] [Client thread/ERROR] [bsu]: @ Post render
[22:14:31] [Client thread/ERROR] [bsu]: 1286: Invalid framebuffer operation
[22:14:31] [Client thread/ERROR] [bsu]: ########## GL ERROR ##########
[22:14:31] [Client thread/ERROR] [bsu]: @ Post render
[22:14:31] [Client thread/ERROR] [bsu]: 1286: Invalid framebuffer operation
[22:14:31] [Client thread/ERROR] [bsu]: ########## GL ERROR ##########
[22:14:31] [Client thread/ERROR] [bsu]: @ Post render
[22:14:31] [Client thread/ERROR] [bsu]: 1286: Invalid framebuffer operation
[22:14:31] [Client thread/ERROR] [bsu]: ########## GL ERROR ##########
[22:14:31] [Client thread/ERROR] [bsu]: @ Post render
[22:14:31] [Client thread/ERROR] [bsu]: 1286: Invalid framebuffer operation
[22:14:31] [Client thread/ERROR] [bsu]: ########## GL ERROR ##########
[22:14:31] [Client thread/ERROR] [bsu]: @ Post render
[22:14:31] [Client thread/ERROR] [bsu]: 1286: Invalid framebuffer operation
[22:14:31] [Client thread/ERROR] [bsu]: ########## GL ERROR ##########
[22:14:31] [Client thread/ERROR] [bsu]: @ Post render
[22:14:31] [Client thread/ERROR] [bsu]: 1286: Invalid framebuffer operation
[22:14:31] [Client thread/ERROR] [bsu]: ########## GL ERROR ##########
[22:14:31] [Client thread/ERROR] [bsu]: @ Post render
[22:14:31] [Client thread/ERROR] [bsu]: 1286: Invalid framebuffer operation
[22:14:31] [Client thread/ERROR] [bsu]: ########## GL ERROR ##########
[22:14:31] [Client thread/ERROR] [bsu]: @ Post render
[22:14:31] [Client thread/ERROR] [bsu]: 1286: Invalid framebuffer operation
[22:14:31] [Client thread/ERROR] [bsu]: ########## GL ERROR ##########
[22:14:31] [Client thread/ERROR] [bsu]: @ Post render
[22:14:31] [Client thread/ERROR] [bsu]: 1286: Invalid framebuffer operation
[22:14:31] [Client thread/ERROR] [bsu]: ########## GL ERROR ##########
[22:14:31] [Client thread/ERROR] [bsu]: @ Post render
[22:14:31] [Client thread/ERROR] [bsu]: 1286: Invalid framebuffer operation
[22:14:32] [Client thread/ERROR] [bsu]: ########## GL ERROR ##########
[22:14:32] [Client thread/ERROR] [bsu]: @ Post render
[22:14:32] [Client thread/ERROR] [bsu]: 1286: Invalid framebuffer operation
[22:14:32] [Client thread/ERROR] [bsu]: ########## GL ERROR ##########
[22:14:32] [Client thread/ERROR] [bsu]: @ Post render
[22:14:32] [Client thread/ERROR] [bsu]: 1286: Invalid framebuffer operation
